#
# There is insufficient memory for the Java Runtime Environment to continue.
# Native memory allocation (mmap) failed to map 411041792 bytes. Error detail: G1 virtual space
# Possible reasons:
#   The system is out of physical RAM or swap space
#   This process is running with CompressedOops enabled, and the Java Heap may be blocking the growth of the native heap
# Possible solutions:
#   Reduce memory load on the system
#   Increase physical memory or swap space
#   Check if swap backing store is full
#   Decrease Java heap size (-Xmx/-Xms)
#   Decrease number of Java threads
#   Decrease Java thread stack sizes (-Xss)
#   Set larger code cache with -XX:ReservedCodeCacheSize=
#   JVM is running with Unscaled Compressed Oops mode in which the Java heap is
#     placed in the first 4GB address space. The Java Heap base address is the
#     maximum limit for the native heap growth. Please use -XX:HeapBaseMinAddress
#     to set the Java Heap base and to place the Java Heap above 4GB virtual address.
# This output file may be truncated or incomplete.
#
#  Out of Memory Error (os_windows.cpp:3714), pid=29940, tid=32476
#
# JRE version: OpenJDK Runtime Environment Temurin-21.0.11+10 (21.0.11+10) (build 21.0.11+10-LTS)
# Java VM: OpenJDK 64-Bit Server VM Temurin-21.0.11+10 (21.0.11+10-LTS, mixed mode, sharing, tiered, compressed oops, compressed class ptrs, g1 gc, windows-amd64)
# No core dump will be written. Minidumps are not enabled by default on client versions of Windows
#

---------------  S U M M A R Y ------------

Command Line: --add-opens=java.base/java.util=ALL-UNNAMED --add-opens=java.base/java.lang=ALL-UNNAMED --add-opens=java.base/java.lang.invoke=ALL-UNNAMED --add-opens=java.prefs/java.util.prefs=ALL-UNNAMED --add-opens=java.base/java.nio.charset=ALL-UNNAMED --add-opens=java.base/java.net=ALL-UNNAMED --add-opens=java.base/java.util.concurrent.atomic=ALL-UNNAMED -Xmx2048m -Dfile.encoding=UTF-8 -Duser.country=CI -Duser.language=fr -Duser.variant -javaagent:C:\Users\kouad\.gradle\wrapper\dists\gradle-8.7-bin\bhs2wmbdwecv87pi65oeuq5iu\gradle-8.7\lib\agents\gradle-instrumentation-agent-8.7.jar org.gradle.launcher.daemon.bootstrap.GradleDaemon 8.7

Host: 12th Gen Intel(R) Core(TM) i5-1235U, 12 cores, 7G,  Windows 11 , 64 bit Build 26100 (10.0.26100.8737)
Time: Sat Jul  4 16:50:40 2026 Greenwich elapsed time: 5378.741992 seconds (0d 1h 29m 38s)

---------------  T H R E A D  ---------------

Current thread (0x000001cd3f1786c0):  VMThread "VM Thread"          [id=32476, stack(0x00000001e8100000,0x00000001e8200000) (1024K)]

Stack: [0x00000001e8100000,0x00000001e8200000]
Native frames: (J=compiled Java code, j=interpreted, Vv=VM code, C=native code)
V  [jvm.dll+0x6d7e19]
V  [jvm.dll+0x8b5096]
V  [jvm.dll+0x8b764e]
V  [jvm.dll+0x8b7d33]
V  [jvm.dll+0x284596]
V  [jvm.dll+0x6d4735]
V  [jvm.dll+0x6c845a]
V  [jvm.dll+0x35ef08]
V  [jvm.dll+0x366b46]
V  [jvm.dll+0x3b7c2e]
V  [jvm.dll+0x3b7ed8]
V  [jvm.dll+0x33310c]
V  [jvm.dll+0x333197]
V  [jvm.dll+0x376f6c]
V  [jvm.dll+0x37570e]
V  [jvm.dll+0x332851]
V  [jvm.dll+0x374d7a]
V  [jvm.dll+0x8bda20]
V  [jvm.dll+0x8bed94]
V  [jvm.dll+0x8bf2c0]
V  [jvm.dll+0x8bf563]
V  [jvm.dll+0x85fb0d]
V  [jvm.dll+0x6d664d]
C  [ucrtbase.dll+0x2cd30]
C  [KERNEL32.DLL+0x2e957]
C  [ntdll.dll+0xaad6c]

VM_Operation (0x00000001e97f6b70): G1CollectForAllocation, mode: safepoint, requested by thread 0x000001cd87b618d0


---------------  P R O C E S S  ---------------

Threads class SMR info:
_java_thread_list=0x000001cd88721f40, length=52, elements={
0x000001cd275f06a0, 0x000001cd3f19bbb0, 0x000001cd3f19c220, 0x000001cd3f1a15b0,
0x000001cd3f1a1d50, 0x000001cd3f1a81c0, 0x000001cd3f1aa3b0, 0x000001cd3f1bc400,
0x000001cd3f1ca5b0, 0x000001cd3f3852b0, 0x000001cd3f3e39a0, 0x000001cd850b4800,
0x000001cd850b20a0, 0x000001cd850b2dc0, 0x000001cd86032f10, 0x000001cd86033c30,
0x000001cd86034fe0, 0x000001cd86036a20, 0x000001cd86035d00, 0x000001cd86037740,
0x000001cd86037dd0, 0x000001cd86038460, 0x000001cd86039810, 0x000001cd8830e830,
0x000001cd8830d480, 0x000001cd87edbf20, 0x000001cd87edfa30, 0x000001cd87ee1b00,
0x000001cd87ee1470, 0x000001cd8677f900, 0x000001cd87b61240, 0x000001cd87b61f60,
0x000001cd87b618d0, 0x000001cd8677f270, 0x000001cd87b653e0, 0x000001cd87b66790,
0x000001cd87b65a70, 0x000001cd87b66100, 0x000001cd8a382c00, 0x000001cd8a381ee0,
0x000001cd87b60bb0, 0x000001cd8a383920, 0x000001cd8947ede0, 0x000001cd8947da30,
0x000001cd8947e0c0, 0x000001cd8947e750, 0x000001cd87bcfe20, 0x000001cd87bd11d0,
0x000001cd8677ff90, 0x000001cd86780620, 0x000001cd8a77c450, 0x000001cd8a77e520
}

Java Threads: ( => current thread )
  0x000001cd275f06a0 JavaThread "main"                              [_thread_blocked, id=31900, stack(0x00000001e7a00000,0x00000001e7b00000) (1024K)]
  0x000001cd3f19bbb0 JavaThread "Reference Handler"          daemon [_thread_blocked, id=7876, stack(0x00000001e8200000,0x00000001e8300000) (1024K)]
  0x000001cd3f19c220 JavaThread "Finalizer"                  daemon [_thread_blocked, id=19632, stack(0x00000001e8300000,0x00000001e8400000) (1024K)]
  0x000001cd3f1a15b0 JavaThread "Signal Dispatcher"          daemon [_thread_blocked, id=24560, stack(0x00000001e8400000,0x00000001e8500000) (1024K)]
  0x000001cd3f1a1d50 JavaThread "Attach Listener"            daemon [_thread_blocked, id=4068, stack(0x00000001e8500000,0x00000001e8600000) (1024K)]
  0x000001cd3f1a81c0 JavaThread "Service Thread"             daemon [_thread_blocked, id=13708, stack(0x00000001e8600000,0x00000001e8700000) (1024K)]
  0x000001cd3f1aa3b0 JavaThread "Monitor Deflation Thread"   daemon [_thread_blocked, id=3884, stack(0x00000001e8700000,0x00000001e8800000) (1024K)]
  0x000001cd3f1bc400 JavaThread "C2 CompilerThread0"         daemon [_thread_blocked, id=34652, stack(0x00000001e8800000,0x00000001e8900000) (1024K)]
  0x000001cd3f1ca5b0 JavaThread "C1 CompilerThread0"         daemon [_thread_blocked, id=38900, stack(0x00000001e8900000,0x00000001e8a00000) (1024K)]
  0x000001cd3f3852b0 JavaThread "Common-Cleaner"             daemon [_thread_blocked, id=25268, stack(0x00000001e8a00000,0x00000001e8b00000) (1024K)]
  0x000001cd3f3e39a0 JavaThread "Notification Thread"        daemon [_thread_blocked, id=19704, stack(0x00000001e8b00000,0x00000001e8c00000) (1024K)]
  0x000001cd850b4800 JavaThread "Daemon health stats"               [_thread_blocked, id=29968, stack(0x00000001e9000000,0x00000001e9100000) (1024K)]
  0x000001cd850b20a0 JavaThread "Incoming local TCP Connector on port 61865"        [_thread_in_native, id=36096, stack(0x00000001e9400000,0x00000001e9500000) (1024K)]
  0x000001cd850b2dc0 JavaThread "Daemon periodic checks"            [_thread_blocked, id=36252, stack(0x00000001e9500000,0x00000001e9600000) (1024K)]
  0x000001cd86032f10 JavaThread "Cache worker for journal cache (C:\Users\kouad\.gradle\caches\journal-1)"        [_thread_blocked, id=13172, stack(0x00000001e9e00000,0x00000001e9f00000) (1024K)]
  0x000001cd86033c30 JavaThread "File lock request listener"        [_thread_in_native, id=28324, stack(0x00000001e9f00000,0x00000001ea000000) (1024K)]
  0x000001cd86034fe0 JavaThread "Cache worker for file hash cache (C:\Users\kouad\.gradle\caches\8.7\fileHashes)"        [_thread_blocked, id=17952, stack(0x00000001ea000000,0x00000001ea100000) (1024K)]
  0x000001cd86036a20 JavaThread "File watcher server"        daemon [_thread_in_native, id=4924, stack(0x00000001ea500000,0x00000001ea600000) (1024K)]
  0x000001cd86035d00 JavaThread "File watcher consumer"      daemon [_thread_blocked, id=24780, stack(0x00000001ea600000,0x00000001ea700000) (1024K)]
  0x000001cd86037740 JavaThread "Cache worker for file content cache (C:\Users\kouad\.gradle\caches\8.7\fileContent)"        [_thread_blocked, id=34424, stack(0x00000001eaa00000,0x00000001eab00000) (1024K)]
  0x000001cd86037dd0 JavaThread "jar transforms"                    [_thread_blocked, id=40252, stack(0x00000001eab00000,0x00000001eac00000) (1024K)]
  0x000001cd86038460 JavaThread "jar transforms Thread 2"           [_thread_blocked, id=41996, stack(0x00000001eac00000,0x00000001ead00000) (1024K)]
  0x000001cd86039810 JavaThread "jar transforms Thread 3"           [_thread_blocked, id=132, stack(0x00000001ead00000,0x00000001eae00000) (1024K)]
  0x000001cd8830e830 JavaThread "jar transforms Thread 4"           [_thread_blocked, id=8320, stack(0x00000001eae00000,0x00000001eaf00000) (1024K)]
  0x000001cd8830d480 JavaThread "jar transforms Thread 5"           [_thread_blocked, id=21276, stack(0x00000001eb000000,0x00000001eb100000) (1024K)]
  0x000001cd87edbf20 JavaThread "jar transforms Thread 6"           [_thread_blocked, id=40840, stack(0x00000001ec600000,0x00000001ec700000) (1024K)]
  0x000001cd87edfa30 JavaThread "jar transforms Thread 7"           [_thread_blocked, id=18396, stack(0x00000001ec700000,0x00000001ec800000) (1024K)]
  0x000001cd87ee1b00 JavaThread "Memory manager"                    [_thread_blocked, id=40464, stack(0x00000001ec900000,0x00000001eca00000) (1024K)]
  0x000001cd87ee1470 JavaThread "jar transforms Thread 8"           [_thread_blocked, id=30672, stack(0x00000001ec800000,0x00000001ec900000) (1024K)]
  0x000001cd8677f900 JavaThread "Daemon Thread 3"                   [_thread_blocked, id=34324, stack(0x00000001e7700000,0x00000001e7800000) (1024K)]
  0x000001cd87b61240 JavaThread "Handler for socket connection from /127.0.0.1:61865 to /127.0.0.1:62102"        [_thread_in_native, id=36876, stack(0x00000001e9300000,0x00000001e9400000) (1024K)]
  0x000001cd87b61f60 JavaThread "Cancel handler"                    [_thread_blocked, id=31272, stack(0x00000001e9600000,0x00000001e9700000) (1024K)]
  0x000001cd87b618d0 JavaThread "Daemon worker Thread 3"            [_thread_blocked, id=30860, stack(0x00000001e9700000,0x00000001e9800000) (1024K)]
  0x000001cd8677f270 JavaThread "Asynchronous log dispatcher for DefaultDaemonConnection: socket connection from /127.0.0.1:61865 to /127.0.0.1:62102"        [_thread_blocked, id=3008, stack(0x00000001e9800000,0x00000001e9900000) (1024K)]
  0x000001cd87b653e0 JavaThread "Stdin handler"                     [_thread_blocked, id=32176, stack(0x00000001e9900000,0x00000001e9a00000) (1024K)]
  0x000001cd87b66790 JavaThread "Daemon client event forwarder"        [_thread_blocked, id=31420, stack(0x00000001e9b00000,0x00000001e9c00000) (1024K)]
  0x000001cd87b65a70 JavaThread "Cache worker for file hash cache (C:\wamp\www\projet_L3\app\antivol-mobile\.gradle\8.7\fileHashes)"        [_thread_blocked, id=41260, stack(0x00000001e9c00000,0x00000001e9d00000) (1024K)]
  0x000001cd87b66100 JavaThread "Cache worker for checksums cache (C:\wamp\www\projet_L3\app\antivol-mobile\.gradle\8.7\checksums)"        [_thread_blocked, id=16748, stack(0x00000001e9d00000,0x00000001e9e00000) (1024K)]
  0x000001cd8a382c00 JavaThread "Cache worker for cache directory md-supplier (C:\Users\kouad\.gradle\caches\8.7\md-supplier)"        [_thread_blocked, id=21404, stack(0x00000001ea100000,0x00000001ea200000) (1024K)]
  0x000001cd8a381ee0 JavaThread "Cache worker for cache directory md-rule (C:\Users\kouad\.gradle\caches\8.7\md-rule)"        [_thread_blocked, id=28020, stack(0x00000001ea200000,0x00000001ea300000) (1024K)]
  0x000001cd87b60bb0 JavaThread "Cache worker for Build Output Cleanup Cache (C:\wamp\www\projet_L3\app\antivol-mobile\.gradle\buildOutputCleanup)"        [_thread_blocked, id=21232, stack(0x00000001ea700000,0x00000001ea800000) (1024K)]
  0x000001cd8a383920 JavaThread "Unconstrained build operations"        [_thread_blocked, id=5136, stack(0x00000001ea800000,0x00000001ea900000) (1024K)]
  0x000001cd8947ede0 JavaThread "Unconstrained build operations Thread 2"        [_thread_blocked, id=22172, stack(0x00000001ea900000,0x00000001eaa00000) (1024K)]
  0x000001cd8947da30 JavaThread "Unconstrained build operations Thread 3"        [_thread_blocked, id=29260, stack(0x00000001eaf00000,0x00000001eb000000) (1024K)]
  0x000001cd8947e0c0 JavaThread "Unconstrained build operations Thread 4"        [_thread_blocked, id=16964, stack(0x00000001eb100000,0x00000001eb200000) (1024K)]
  0x000001cd8947e750 JavaThread "Unconstrained build operations Thread 5"        [_thread_blocked, id=39488, stack(0x00000001eb200000,0x00000001eb300000) (1024K)]
  0x000001cd87bcfe20 JavaThread "Unconstrained build operations Thread 6"        [_thread_blocked, id=10972, stack(0x00000001eb300000,0x00000001eb400000) (1024K)]
  0x000001cd87bd11d0 JavaThread "Unconstrained build operations Thread 7"        [_thread_blocked, id=2372, stack(0x00000001eb400000,0x00000001eb500000) (1024K)]
  0x000001cd8677ff90 JavaThread "Unconstrained build operations Thread 8"        [_thread_blocked, id=11956, stack(0x00000001eb500000,0x00000001eb600000) (1024K)]
  0x000001cd86780620 JavaThread "Unconstrained build operations Thread 9"        [_thread_blocked, id=25732, stack(0x00000001eb600000,0x00000001eb700000) (1024K)]
  0x000001cd8a77c450 JavaThread "Unconstrained build operations Thread 10"        [_thread_blocked, id=42188, stack(0x00000001eb700000,0x00000001eb800000) (1024K)]
  0x000001cd8a77e520 JavaThread "Unconstrained build operations Thread 11"        [_thread_blocked, id=38204, stack(0x00000001eb800000,0x00000001eb900000) (1024K)]
Total: 52

Other Threads:
=>0x000001cd3f1786c0 VMThread "VM Thread"                           [id=32476, stack(0x00000001e8100000,0x00000001e8200000) (1024K)]
  0x000001cd3f164120 WatcherThread "VM Periodic Task Thread"        [id=39776, stack(0x00000001e8000000,0x00000001e8100000) (1024K)]
  0x000001cd27649e70 WorkerThread "GC Thread#0"                     [id=38512, stack(0x00000001e7b00000,0x00000001e7c00000) (1024K)]
  0x000001cd3fd3b3c0 WorkerThread "GC Thread#1"                     [id=28328, stack(0x00000001e8c00000,0x00000001e8d00000) (1024K)]
  0x000001cd3fbdece0 WorkerThread "GC Thread#2"                     [id=21140, stack(0x00000001e8d00000,0x00000001e8e00000) (1024K)]
  0x000001cd3fbdf090 WorkerThread "GC Thread#3"                     [id=19304, stack(0x00000001e8e00000,0x00000001e8f00000) (1024K)]
  0x000001cd3fbdf440 WorkerThread "GC Thread#4"                     [id=42348, stack(0x00000001e8f00000,0x00000001e9000000) (1024K)]
  0x000001cd85657f30 WorkerThread "GC Thread#5"                     [id=12060, stack(0x00000001e7800000,0x00000001e7900000) (1024K)]
  0x000001cd85cfa4d0 WorkerThread "GC Thread#6"                     [id=3028, stack(0x00000001e7900000,0x00000001e7a00000) (1024K)]
  0x000001cd850f5790 WorkerThread "GC Thread#7"                     [id=23220, stack(0x00000001e9100000,0x00000001e9200000) (1024K)]
  0x000001cd850f24d0 WorkerThread "GC Thread#8"                     [id=13684, stack(0x00000001e9200000,0x00000001e9300000) (1024K)]
  0x000001cd85d2b370 WorkerThread "GC Thread#9"                     [id=35208, stack(0x00000001e9a00000,0x00000001e9b00000) (1024K)]
  0x000001cd2765bd80 ConcurrentGCThread "G1 Main Marker"            [id=42884, stack(0x00000001e7c00000,0x00000001e7d00000) (1024K)]
  0x000001cd2765d620 WorkerThread "G1 Conc#0"                       [id=36232, stack(0x00000001e7d00000,0x00000001e7e00000) (1024K)]
  0x000001cd860056e0 WorkerThread "G1 Conc#1"                       [id=27612, stack(0x00000001ea300000,0x00000001ea400000) (1024K)]
  0x000001cd86007810 WorkerThread "G1 Conc#2"                       [id=31736, stack(0x00000001ea400000,0x00000001ea500000) (1024K)]
  0x000001cd276ae880 ConcurrentGCThread "G1 Refine#0"               [id=9580, stack(0x00000001e7e00000,0x00000001e7f00000) (1024K)]
  0x000001cd3f0371c0 ConcurrentGCThread "G1 Service"                [id=27256, stack(0x00000001e7f00000,0x00000001e8000000) (1024K)]
Total: 18

Threads with active compile tasks:
C2 CompilerThread0  5378869 11354       4       java.lang.Class::getMethodsRecursive (99 bytes)
Total: 1

VM state: at safepoint (normal execution)

VM Mutex/Monitor currently owned by a thread:  ([mutex/lock_event])
[0x00007ffc74b5f570] Threads_lock - owner thread: 0x000001cd3f1786c0
[0x00007ffc74b5f670] Heap_lock - owner thread: 0x000001cd87b618d0

Heap address: 0x0000000080000000, size: 2048 MB, Compressed Oops mode: 32-bit

CDS archive(s) mapped at: [0x000001cd40000000-0x000001cd40ba0000-0x000001cd40ba0000), size 12189696, SharedBaseAddress: 0x000001cd40000000, ArchiveRelocationMode: 1.
Compressed class space mapped at: 0x000001cd41000000-0x000001cd81000000, reserved size: 1073741824
Narrow klass base: 0x000001cd40000000, Narrow klass shift: 0, Narrow klass range: 0x100000000

GC Precious Log:
 CardTable entry size: 512
 Card Set container configuration: InlinePtr #cards 5 size 8 Array Of Cards #cards 12 size 40 Howl #buckets 4 coarsen threshold 1843 Howl Bitmap #cards 512 size 80 coarsen threshold 460 Card regions per heap region 1 cards per card region 2048
 CPUs: 12 total, 12 available
 Memory: 7750M
 Large Page Support: Disabled
 NUMA Support: Disabled
 Compressed Oops: Enabled (32-bit)
 Heap Region Size: 1M
 Heap Min Capacity: 8M
 Heap Initial Capacity: 122M
 Heap Max Capacity: 2G
 Pre-touch: Disabled
 Parallel Workers: 10
 Concurrent Workers: 3
 Concurrent Refinement Workers: 10
 Periodic GC: Disabled

Heap:
 garbage-first heap   total 266240K, used 72807K [0x0000000080000000, 0x0000000100000000)
  region size 1024K, 1 young (1024K), 1 survivors (1024K)
 Metaspace       used 71975K, committed 75584K, reserved 1114112K
  class space    used 10119K, committed 11520K, reserved 1048576K

Heap Regions: E=young(eden), S=young(survivor), O=old, HS=humongous(starts), HC=humongous(continues), CS=collection set, F=free, TAMS=top-at-mark-start, PB=parsable bottom
|   0|0x0000000080000000, 0x0000000080100000, 0x0000000080100000|100%|HS|  |TAMS 0x0000000080100000| PB 0x0000000080000000| Complete 
|   1|0x0000000080100000, 0x0000000080200000, 0x0000000080200000|100%|HC|  |TAMS 0x0000000080200000| PB 0x0000000080100000| Complete 
|   2|0x0000000080200000, 0x0000000080300000, 0x0000000080300000|100%|HC|  |TAMS 0x0000000080300000| PB 0x0000000080200000| Complete 
|   3|0x0000000080300000, 0x0000000080400000, 0x0000000080400000|100%|HC|  |TAMS 0x0000000080400000| PB 0x0000000080300000| Complete 
|   4|0x0000000080400000, 0x0000000080500000, 0x0000000080500000|100%| O|  |TAMS 0x0000000080500000| PB 0x0000000080400000| Untracked 
|   5|0x0000000080500000, 0x0000000080600000, 0x0000000080600000|100%| O|  |TAMS 0x0000000080600000| PB 0x0000000080500000| Untracked 
|   6|0x0000000080600000, 0x0000000080700000, 0x0000000080700000|100%| O|  |TAMS 0x0000000080700000| PB 0x0000000080600000| Untracked 
|   7|0x0000000080700000, 0x0000000080800000, 0x0000000080800000|100%| O|  |TAMS 0x0000000080800000| PB 0x0000000080700000| Untracked 
|   8|0x0000000080800000, 0x0000000080900000, 0x0000000080900000|100%| O|  |TAMS 0x0000000080900000| PB 0x0000000080800000| Untracked 
|   9|0x0000000080900000, 0x0000000080a00000, 0x0000000080a00000|100%| O|  |TAMS 0x0000000080a00000| PB 0x0000000080900000| Untracked 
|  10|0x0000000080a00000, 0x0000000080b00000, 0x0000000080b00000|100%| O|  |TAMS 0x0000000080b00000| PB 0x0000000080a00000| Untracked 
|  11|0x0000000080b00000, 0x0000000080c00000, 0x0000000080c00000|100%| O|  |TAMS 0x0000000080c00000| PB 0x0000000080b00000| Untracked 
|  12|0x0000000080c00000, 0x0000000080d00000, 0x0000000080d00000|100%| O|  |TAMS 0x0000000080d00000| PB 0x0000000080c00000| Untracked 
|  13|0x0000000080d00000, 0x0000000080e00000, 0x0000000080e00000|100%| O|  |TAMS 0x0000000080e00000| PB 0x0000000080d00000| Untracked 
|  14|0x0000000080e00000, 0x0000000080f00000, 0x0000000080f00000|100%| O|  |TAMS 0x0000000080f00000| PB 0x0000000080e00000| Untracked 
|  15|0x0000000080f00000, 0x0000000081000000, 0x0000000081000000|100%| O|  |TAMS 0x0000000081000000| PB 0x0000000080f00000| Untracked 
|  16|0x0000000081000000, 0x0000000081100000, 0x0000000081100000|100%| O|  |TAMS 0x0000000081100000| PB 0x0000000081000000| Untracked 
|  17|0x0000000081100000, 0x0000000081200000, 0x0000000081200000|100%| O|  |TAMS 0x0000000081200000| PB 0x0000000081100000| Untracked 
|  18|0x0000000081200000, 0x0000000081300000, 0x0000000081300000|100%| O|  |TAMS 0x0000000081300000| PB 0x0000000081200000| Untracked 
|  19|0x0000000081300000, 0x0000000081400000, 0x0000000081400000|100%| O|  |TAMS 0x0000000081400000| PB 0x0000000081300000| Untracked 
|  20|0x0000000081400000, 0x0000000081500000, 0x0000000081500000|100%| O|  |TAMS 0x0000000081500000| PB 0x0000000081400000| Untracked 
|  21|0x0000000081500000, 0x0000000081600000, 0x0000000081600000|100%| O|  |TAMS 0x0000000081600000| PB 0x0000000081500000| Untracked 
|  22|0x0000000081600000, 0x0000000081700000, 0x0000000081700000|100%| O|  |TAMS 0x0000000081700000| PB 0x0000000081600000| Untracked 
|  23|0x0000000081700000, 0x00000000817790d0, 0x0000000081800000| 47%| O|  |TAMS 0x0000000081700000| PB 0x0000000081700000| Untracked 
|  24|0x0000000081800000, 0x0000000081900000, 0x0000000081900000|100%| O|  |TAMS 0x0000000081900000| PB 0x0000000081800000| Untracked 
|  25|0x0000000081900000, 0x0000000081a00000, 0x0000000081a00000|100%| O|  |TAMS 0x0000000081a00000| PB 0x0000000081900000| Untracked 
|  26|0x0000000081a00000, 0x0000000081b00000, 0x0000000081b00000|100%| O|  |TAMS 0x0000000081b00000| PB 0x0000000081a00000| Untracked 
|  27|0x0000000081b00000, 0x0000000081c00000, 0x0000000081c00000|100%| O|  |TAMS 0x0000000081c00000| PB 0x0000000081b00000| Untracked 
|  28|0x0000000081c00000, 0x0000000081d00000, 0x0000000081d00000|100%| O|  |TAMS 0x0000000081d00000| PB 0x0000000081c00000| Untracked 
|  29|0x0000000081d00000, 0x0000000081e00000, 0x0000000081e00000|100%|HS|  |TAMS 0x0000000081e00000| PB 0x0000000081d00000| Complete 
|  30|0x0000000081e00000, 0x0000000081f00000, 0x0000000081f00000|100%|HS|  |TAMS 0x0000000081f00000| PB 0x0000000081e00000| Complete 
|  31|0x0000000081f00000, 0x0000000082000000, 0x0000000082000000|100%|HS|  |TAMS 0x0000000082000000| PB 0x0000000081f00000| Complete 
|  32|0x0000000082000000, 0x0000000082100000, 0x0000000082100000|100%|HS|  |TAMS 0x0000000082100000| PB 0x0000000082000000| Complete 
|  33|0x0000000082100000, 0x0000000082200000, 0x0000000082200000|100%|HS|  |TAMS 0x0000000082200000| PB 0x0000000082100000| Complete 
|  34|0x0000000082200000, 0x0000000082300000, 0x0000000082300000|100%| O|  |TAMS 0x0000000082300000| PB 0x0000000082200000| Untracked 
|  35|0x0000000082300000, 0x0000000082400000, 0x0000000082400000|100%|HS|  |TAMS 0x0000000082400000| PB 0x0000000082300000| Complete 
|  36|0x0000000082400000, 0x0000000082500000, 0x0000000082500000|100%| O|  |TAMS 0x0000000082500000| PB 0x0000000082400000| Untracked 
|  37|0x0000000082500000, 0x0000000082600000, 0x0000000082600000|100%| O|  |TAMS 0x0000000082600000| PB 0x0000000082500000| Untracked 
|  38|0x0000000082600000, 0x0000000082700000, 0x0000000082700000|100%| O|  |TAMS 0x0000000082700000| PB 0x0000000082600000| Untracked 
|  39|0x0000000082700000, 0x0000000082800000, 0x0000000082800000|100%| O|  |TAMS 0x0000000082800000| PB 0x0000000082700000| Untracked 
|  40|0x0000000082800000, 0x0000000082900000, 0x0000000082900000|100%| O|  |TAMS 0x0000000082900000| PB 0x0000000082800000| Untracked 
|  41|0x0000000082900000, 0x0000000082a00000, 0x0000000082a00000|100%| O|  |TAMS 0x0000000082a00000| PB 0x0000000082900000| Untracked 
|  42|0x0000000082a00000, 0x0000000082b00000, 0x0000000082b00000|100%| O|  |TAMS 0x0000000082b00000| PB 0x0000000082a00000| Untracked 
|  43|0x0000000082b00000, 0x0000000082c00000, 0x0000000082c00000|100%| O|  |TAMS 0x0000000082c00000| PB 0x0000000082b00000| Untracked 
|  44|0x0000000082c00000, 0x0000000082d00000, 0x0000000082d00000|100%| O|  |TAMS 0x0000000082d00000| PB 0x0000000082c00000| Untracked 
|  45|0x0000000082d00000, 0x0000000082e00000, 0x0000000082e00000|100%| O|  |TAMS 0x0000000082e00000| PB 0x0000000082d00000| Untracked 
|  46|0x0000000082e00000, 0x0000000082f00000, 0x0000000082f00000|100%| O|  |TAMS 0x0000000082f00000| PB 0x0000000082e00000| Untracked 
|  47|0x0000000082f00000, 0x0000000083000000, 0x0000000083000000|100%| O|  |TAMS 0x0000000083000000| PB 0x0000000082f00000| Untracked 
|  48|0x0000000083000000, 0x0000000083100000, 0x0000000083100000|100%| O|  |TAMS 0x0000000083100000| PB 0x0000000083000000| Untracked 
|  49|0x0000000083100000, 0x0000000083200000, 0x0000000083200000|100%| O|  |TAMS 0x0000000083200000| PB 0x0000000083100000| Untracked 
|  50|0x0000000083200000, 0x0000000083300000, 0x0000000083300000|100%| O|  |TAMS 0x0000000083300000| PB 0x0000000083200000| Untracked 
|  51|0x0000000083300000, 0x0000000083400000, 0x0000000083400000|100%| O|  |TAMS 0x0000000083400000| PB 0x0000000083300000| Untracked 
|  52|0x0000000083400000, 0x0000000083500000, 0x0000000083500000|100%| O|  |TAMS 0x0000000083500000| PB 0x0000000083400000| Untracked 
|  53|0x0000000083500000, 0x0000000083600000, 0x0000000083600000|100%| O|  |TAMS 0x0000000083600000| PB 0x0000000083500000| Untracked 
|  54|0x0000000083600000, 0x0000000083700000, 0x0000000083700000|100%| O|  |TAMS 0x0000000083700000| PB 0x0000000083600000| Untracked 
|  55|0x0000000083700000, 0x0000000083800000, 0x0000000083800000|100%| O|  |TAMS 0x0000000083800000| PB 0x0000000083700000| Untracked 
|  56|0x0000000083800000, 0x0000000083900000, 0x0000000083900000|100%| O|  |TAMS 0x0000000083900000| PB 0x0000000083800000| Untracked 
|  57|0x0000000083900000, 0x0000000083a00000, 0x0000000083a00000|100%| O|  |TAMS 0x0000000083a00000| PB 0x0000000083900000| Untracked 
|  58|0x0000000083a00000, 0x0000000083b00000, 0x0000000083b00000|100%| O|  |TAMS 0x0000000083b00000| PB 0x0000000083a00000| Untracked 
|  59|0x0000000083b00000, 0x0000000083c00000, 0x0000000083c00000|100%| O|  |TAMS 0x0000000083c00000| PB 0x0000000083b00000| Untracked 
|  60|0x0000000083c00000, 0x0000000083d00000, 0x0000000083d00000|100%| O|  |TAMS 0x0000000083d00000| PB 0x0000000083c00000| Untracked 
|  61|0x0000000083d00000, 0x0000000083e00000, 0x0000000083e00000|100%| O|  |TAMS 0x0000000083e00000| PB 0x0000000083d00000| Untracked 
|  62|0x0000000083e00000, 0x0000000083f00000, 0x0000000083f00000|100%|HS|  |TAMS 0x0000000083f00000| PB 0x0000000083e00000| Complete 
|  63|0x0000000083f00000, 0x0000000084000000, 0x0000000084000000|100%| O|  |TAMS 0x0000000084000000| PB 0x0000000083f00000| Untracked 
|  64|0x0000000084000000, 0x0000000084100000, 0x0000000084100000|100%| O|  |TAMS 0x0000000084100000| PB 0x0000000084000000| Untracked 
|  65|0x0000000084100000, 0x0000000084200000, 0x0000000084200000|100%| O|  |TAMS 0x00000000841552c0| PB 0x0000000084100000| Untracked 
|  66|0x0000000084200000, 0x0000000084300000, 0x0000000084300000|100%| O|  |TAMS 0x0000000084300000| PB 0x0000000084200000| Untracked 
|  67|0x0000000084300000, 0x0000000084300000, 0x0000000084400000|  0%| F|  |TAMS 0x0000000084300000| PB 0x0000000084300000| Untracked 
|  68|0x0000000084400000, 0x0000000084400000, 0x0000000084500000|  0%| F|  |TAMS 0x0000000084400000| PB 0x0000000084400000| Untracked 
|  69|0x0000000084500000, 0x0000000084500000, 0x0000000084600000|  0%| F|  |TAMS 0x0000000084500000| PB 0x0000000084500000| Untracked 
|  70|0x0000000084600000, 0x0000000084600000, 0x0000000084700000|  0%| F|  |TAMS 0x0000000084600000| PB 0x0000000084600000| Untracked 
|  71|0x0000000084700000, 0x0000000084700000, 0x0000000084800000|  0%| F|  |TAMS 0x0000000084700000| PB 0x0000000084700000| Untracked 
|  72|0x0000000084800000, 0x0000000084800000, 0x0000000084900000|  0%| F|  |TAMS 0x0000000084800000| PB 0x0000000084800000| Untracked 
|  73|0x0000000084900000, 0x0000000084a00000, 0x0000000084a00000|100%| O|  |TAMS 0x0000000084a00000| PB 0x0000000084900000| Untracked 
|  74|0x0000000084a00000, 0x0000000084a00000, 0x0000000084b00000|  0%| F|  |TAMS 0x0000000084a00000| PB 0x0000000084a00000| Untracked 
|  75|0x0000000084b00000, 0x0000000084b00000, 0x0000000084c00000|  0%| F|  |TAMS 0x0000000084b00000| PB 0x0000000084b00000| Untracked 
|  76|0x0000000084c00000, 0x0000000084c00000, 0x0000000084d00000|  0%| F|  |TAMS 0x0000000084c00000| PB 0x0000000084c00000| Untracked 
|  77|0x0000000084d00000, 0x0000000084d00000, 0x0000000084e00000|  0%| F|  |TAMS 0x0000000084d00000| PB 0x0000000084d00000| Untracked 
|  78|0x0000000084e00000, 0x0000000084e00000, 0x0000000084f00000|  0%| F|  |TAMS 0x0000000084e00000| PB 0x0000000084e00000| Untracked 
|  79|0x0000000084f00000, 0x0000000084f00000, 0x0000000085000000|  0%| F|  |TAMS 0x0000000084f00000| PB 0x0000000084f00000| Untracked 
|  80|0x0000000085000000, 0x0000000085000000, 0x0000000085100000|  0%| F|  |TAMS 0x0000000085000000| PB 0x0000000085000000| Untracked 
|  81|0x0000000085100000, 0x0000000085100000, 0x0000000085200000|  0%| F|  |TAMS 0x0000000085100000| PB 0x0000000085100000| Untracked 
|  82|0x0000000085200000, 0x0000000085200000, 0x0000000085300000|  0%| F|  |TAMS 0x0000000085200000| PB 0x0000000085200000| Untracked 
|  83|0x0000000085300000, 0x0000000085300000, 0x0000000085400000|  0%| F|  |TAMS 0x0000000085300000| PB 0x0000000085300000| Untracked 
|  84|0x0000000085400000, 0x0000000085400000, 0x0000000085500000|  0%| F|  |TAMS 0x0000000085400000| PB 0x0000000085400000| Untracked 
|  85|0x0000000085500000, 0x0000000085500000, 0x0000000085600000|  0%| F|  |TAMS 0x0000000085500000| PB 0x0000000085500000| Untracked 
|  86|0x0000000085600000, 0x0000000085600000, 0x0000000085700000|  0%| F|  |TAMS 0x0000000085600000| PB 0x0000000085600000| Untracked 
|  87|0x0000000085700000, 0x0000000085700000, 0x0000000085800000|  0%| F|  |TAMS 0x0000000085700000| PB 0x0000000085700000| Untracked 
|  88|0x0000000085800000, 0x0000000085800000, 0x0000000085900000|  0%| F|  |TAMS 0x0000000085800000| PB 0x0000000085800000| Untracked 
|  89|0x0000000085900000, 0x0000000085900000, 0x0000000085a00000|  0%| F|  |TAMS 0x0000000085900000| PB 0x0000000085900000| Untracked 
|  90|0x0000000085a00000, 0x0000000085a00000, 0x0000000085b00000|  0%| F|  |TAMS 0x0000000085a00000| PB 0x0000000085a00000| Untracked 
|  91|0x0000000085b00000, 0x0000000085b00000, 0x0000000085c00000|  0%| F|  |TAMS 0x0000000085b00000| PB 0x0000000085b00000| Untracked 
|  92|0x0000000085c00000, 0x0000000085c00000, 0x0000000085d00000|  0%| F|  |TAMS 0x0000000085c00000| PB 0x0000000085c00000| Untracked 
|  93|0x0000000085d00000, 0x0000000085d00000, 0x0000000085e00000|  0%| F|  |TAMS 0x0000000085d00000| PB 0x0000000085d00000| Untracked 
|  94|0x0000000085e00000, 0x0000000085e00000, 0x0000000085f00000|  0%| F|  |TAMS 0x0000000085e00000| PB 0x0000000085e00000| Untracked 
|  95|0x0000000085f00000, 0x0000000085f00000, 0x0000000086000000|  0%| F|  |TAMS 0x0000000085f00000| PB 0x0000000085f00000| Untracked 
|  96|0x0000000086000000, 0x0000000086000000, 0x0000000086100000|  0%| F|  |TAMS 0x0000000086000000| PB 0x0000000086000000| Untracked 
|  97|0x0000000086100000, 0x0000000086100000, 0x0000000086200000|  0%| F|  |TAMS 0x0000000086100000| PB 0x0000000086100000| Untracked 
|  98|0x0000000086200000, 0x0000000086200000, 0x0000000086300000|  0%| F|  |TAMS 0x0000000086200000| PB 0x0000000086200000| Untracked 
|  99|0x0000000086300000, 0x0000000086300000, 0x0000000086400000|  0%| F|  |TAMS 0x0000000086300000| PB 0x0000000086300000| Untracked 
| 100|0x0000000086400000, 0x0000000086400000, 0x0000000086500000|  0%| F|  |TAMS 0x0000000086400000| PB 0x0000000086400000| Untracked 
| 101|0x0000000086500000, 0x0000000086500000, 0x0000000086600000|  0%| F|  |TAMS 0x0000000086500000| PB 0x0000000086500000| Untracked 
| 102|0x0000000086600000, 0x0000000086600000, 0x0000000086700000|  0%| F|  |TAMS 0x0000000086600000| PB 0x0000000086600000| Untracked 
| 103|0x0000000086700000, 0x0000000086700000, 0x0000000086800000|  0%| F|  |TAMS 0x0000000086700000| PB 0x0000000086700000| Untracked 
| 104|0x0000000086800000, 0x0000000086800000, 0x0000000086900000|  0%| F|  |TAMS 0x0000000086800000| PB 0x0000000086800000| Untracked 
| 105|0x0000000086900000, 0x0000000086900000, 0x0000000086a00000|  0%| F|  |TAMS 0x0000000086900000| PB 0x0000000086900000| Untracked 
| 106|0x0000000086a00000, 0x0000000086a00000, 0x0000000086b00000|  0%| F|  |TAMS 0x0000000086a00000| PB 0x0000000086a00000| Untracked 
| 107|0x0000000086b00000, 0x0000000086b00000, 0x0000000086c00000|  0%| F|  |TAMS 0x0000000086b00000| PB 0x0000000086b00000| Untracked 
| 108|0x0000000086c00000, 0x0000000086c00000, 0x0000000086d00000|  0%| F|  |TAMS 0x0000000086c00000| PB 0x0000000086c00000| Untracked 
| 109|0x0000000086d00000, 0x0000000086d00000, 0x0000000086e00000|  0%| F|  |TAMS 0x0000000086d00000| PB 0x0000000086d00000| Untracked 
| 110|0x0000000086e00000, 0x0000000086e00000, 0x0000000086f00000|  0%| F|  |TAMS 0x0000000086e00000| PB 0x0000000086e00000| Untracked 
| 111|0x0000000086f00000, 0x0000000086f00000, 0x0000000087000000|  0%| F|  |TAMS 0x0000000086f00000| PB 0x0000000086f00000| Untracked 
| 112|0x0000000087000000, 0x0000000087000000, 0x0000000087100000|  0%| F|  |TAMS 0x0000000087000000| PB 0x0000000087000000| Untracked 
| 113|0x0000000087100000, 0x0000000087100000, 0x0000000087200000|  0%| F|  |TAMS 0x0000000087100000| PB 0x0000000087100000| Untracked 
| 114|0x0000000087200000, 0x0000000087200000, 0x0000000087300000|  0%| F|  |TAMS 0x0000000087200000| PB 0x0000000087200000| Untracked 
| 115|0x0000000087300000, 0x0000000087300000, 0x0000000087400000|  0%| F|  |TAMS 0x0000000087300000| PB 0x0000000087300000| Untracked 
| 116|0x0000000087400000, 0x0000000087400000, 0x0000000087500000|  0%| F|  |TAMS 0x0000000087400000| PB 0x0000000087400000| Untracked 
| 117|0x0000000087500000, 0x0000000087500000, 0x0000000087600000|  0%| F|  |TAMS 0x0000000087500000| PB 0x0000000087500000| Untracked 
| 118|0x0000000087600000, 0x0000000087600000, 0x0000000087700000|  0%| F|  |TAMS 0x0000000087600000| PB 0x0000000087600000| Untracked 
| 119|0x0000000087700000, 0x0000000087700000, 0x0000000087800000|  0%| F|  |TAMS 0x0000000087700000| PB 0x0000000087700000| Untracked 
| 120|0x0000000087800000, 0x0000000087800000, 0x0000000087900000|  0%| F|  |TAMS 0x0000000087800000| PB 0x0000000087800000| Untracked 
| 121|0x0000000087900000, 0x0000000087900000, 0x0000000087a00000|  0%| F|  |TAMS 0x0000000087900000| PB 0x0000000087900000| Untracked 
| 122|0x0000000087a00000, 0x0000000087a00000, 0x0000000087b00000|  0%| F|  |TAMS 0x0000000087a00000| PB 0x0000000087a00000| Untracked 
| 123|0x0000000087b00000, 0x0000000087b00000, 0x0000000087c00000|  0%| F|  |TAMS 0x0000000087b00000| PB 0x0000000087b00000| Untracked 
| 124|0x0000000087c00000, 0x0000000087c00000, 0x0000000087d00000|  0%| F|  |TAMS 0x0000000087c00000| PB 0x0000000087c00000| Untracked 
| 125|0x0000000087d00000, 0x0000000087d00000, 0x0000000087e00000|  0%| F|  |TAMS 0x0000000087d00000| PB 0x0000000087d00000| Untracked 
| 126|0x0000000087e00000, 0x0000000087e00000, 0x0000000087f00000|  0%| F|  |TAMS 0x0000000087e00000| PB 0x0000000087e00000| Untracked 
| 127|0x0000000087f00000, 0x0000000087f00000, 0x0000000088000000|  0%| F|  |TAMS 0x0000000087f00000| PB 0x0000000087f00000| Untracked 
| 128|0x0000000088000000, 0x0000000088000000, 0x0000000088100000|  0%| F|  |TAMS 0x0000000088000000| PB 0x0000000088000000| Untracked 
| 129|0x0000000088100000, 0x0000000088100000, 0x0000000088200000|  0%| F|  |TAMS 0x0000000088100000| PB 0x0000000088100000| Untracked 
| 130|0x0000000088200000, 0x0000000088200000, 0x0000000088300000|  0%| F|  |TAMS 0x0000000088200000| PB 0x0000000088200000| Untracked 
| 131|0x0000000088300000, 0x0000000088300000, 0x0000000088400000|  0%| F|  |TAMS 0x0000000088300000| PB 0x0000000088300000| Untracked 
| 132|0x0000000088400000, 0x0000000088400000, 0x0000000088500000|  0%| F|  |TAMS 0x0000000088400000| PB 0x0000000088400000| Untracked 
| 133|0x0000000088500000, 0x0000000088500000, 0x0000000088600000|  0%| F|  |TAMS 0x0000000088500000| PB 0x0000000088500000| Untracked 
| 134|0x0000000088600000, 0x0000000088600000, 0x0000000088700000|  0%| F|  |TAMS 0x0000000088600000| PB 0x0000000088600000| Untracked 
| 135|0x0000000088700000, 0x0000000088700000, 0x0000000088800000|  0%| F|  |TAMS 0x0000000088700000| PB 0x0000000088700000| Untracked 
| 136|0x0000000088800000, 0x0000000088800000, 0x0000000088900000|  0%| F|  |TAMS 0x0000000088800000| PB 0x0000000088800000| Untracked 
| 137|0x0000000088900000, 0x0000000088900000, 0x0000000088a00000|  0%| F|  |TAMS 0x0000000088900000| PB 0x0000000088900000| Untracked 
| 138|0x0000000088a00000, 0x0000000088a00000, 0x0000000088b00000|  0%| F|  |TAMS 0x0000000088a00000| PB 0x0000000088a00000| Untracked 
| 139|0x0000000088b00000, 0x0000000088b00000, 0x0000000088c00000|  0%| F|  |TAMS 0x0000000088b00000| PB 0x0000000088b00000| Untracked 
| 140|0x0000000088c00000, 0x0000000088c00000, 0x0000000088d00000|  0%| F|  |TAMS 0x0000000088c00000| PB 0x0000000088c00000| Untracked 
| 141|0x0000000088d00000, 0x0000000088d00000, 0x0000000088e00000|  0%| F|  |TAMS 0x0000000088d00000| PB 0x0000000088d00000| Untracked 
| 142|0x0000000088e00000, 0x0000000088e00000, 0x0000000088f00000|  0%| F|  |TAMS 0x0000000088e00000| PB 0x0000000088e00000| Untracked 
| 143|0x0000000088f00000, 0x0000000088f00000, 0x0000000089000000|  0%| F|  |TAMS 0x0000000088f00000| PB 0x0000000088f00000| Untracked 
| 144|0x0000000089000000, 0x0000000089000000, 0x0000000089100000|  0%| F|  |TAMS 0x0000000089000000| PB 0x0000000089000000| Untracked 
| 145|0x0000000089100000, 0x0000000089100000, 0x0000000089200000|  0%| F|  |TAMS 0x0000000089100000| PB 0x0000000089100000| Untracked 
| 146|0x0000000089200000, 0x0000000089200000, 0x0000000089300000|  0%| F|  |TAMS 0x0000000089200000| PB 0x0000000089200000| Untracked 
| 147|0x0000000089300000, 0x0000000089300000, 0x0000000089400000|  0%| F|  |TAMS 0x0000000089300000| PB 0x0000000089300000| Untracked 
| 148|0x0000000089400000, 0x0000000089400000, 0x0000000089500000|  0%| F|  |TAMS 0x0000000089400000| PB 0x0000000089400000| Untracked 
| 149|0x0000000089500000, 0x0000000089500000, 0x0000000089600000|  0%| F|  |TAMS 0x0000000089500000| PB 0x0000000089500000| Untracked 
| 150|0x0000000089600000, 0x0000000089600000, 0x0000000089700000|  0%| F|  |TAMS 0x0000000089600000| PB 0x0000000089600000| Untracked 
| 151|0x0000000089700000, 0x0000000089700000, 0x0000000089800000|  0%| F|  |TAMS 0x0000000089700000| PB 0x0000000089700000| Untracked 
| 152|0x0000000089800000, 0x0000000089800000, 0x0000000089900000|  0%| F|  |TAMS 0x0000000089800000| PB 0x0000000089800000| Untracked 
| 153|0x0000000089900000, 0x0000000089900000, 0x0000000089a00000|  0%| F|  |TAMS 0x0000000089900000| PB 0x0000000089900000| Untracked 
| 154|0x0000000089a00000, 0x0000000089a00000, 0x0000000089b00000|  0%| F|  |TAMS 0x0000000089a00000| PB 0x0000000089a00000| Untracked 
| 155|0x0000000089b00000, 0x0000000089b00000, 0x0000000089c00000|  0%| F|  |TAMS 0x0000000089b00000| PB 0x0000000089b00000| Untracked 
| 156|0x0000000089c00000, 0x0000000089c00000, 0x0000000089d00000|  0%| F|  |TAMS 0x0000000089c00000| PB 0x0000000089c00000| Untracked 
| 157|0x0000000089d00000, 0x0000000089d00000, 0x0000000089e00000|  0%| F|  |TAMS 0x0000000089d00000| PB 0x0000000089d00000| Untracked 
| 158|0x0000000089e00000, 0x0000000089e00000, 0x0000000089f00000|  0%| F|  |TAMS 0x0000000089e00000| PB 0x0000000089e00000| Untracked 
| 159|0x0000000089f00000, 0x0000000089f00000, 0x000000008a000000|  0%| F|  |TAMS 0x0000000089f00000| PB 0x0000000089f00000| Untracked 
| 160|0x000000008a000000, 0x000000008a000000, 0x000000008a100000|  0%| F|  |TAMS 0x000000008a000000| PB 0x000000008a000000| Untracked 
| 161|0x000000008a100000, 0x000000008a100000, 0x000000008a200000|  0%| F|  |TAMS 0x000000008a100000| PB 0x000000008a100000| Untracked 
| 162|0x000000008a200000, 0x000000008a200000, 0x000000008a300000|  0%| F|  |TAMS 0x000000008a200000| PB 0x000000008a200000| Untracked 
| 163|0x000000008a300000, 0x000000008a300000, 0x000000008a400000|  0%| F|  |TAMS 0x000000008a300000| PB 0x000000008a300000| Untracked 
| 164|0x000000008a400000, 0x000000008a400000, 0x000000008a500000|  0%| F|  |TAMS 0x000000008a400000| PB 0x000000008a400000| Untracked 
| 165|0x000000008a500000, 0x000000008a500000, 0x000000008a600000|  0%| F|  |TAMS 0x000000008a500000| PB 0x000000008a500000| Untracked 
| 166|0x000000008a600000, 0x000000008a600000, 0x000000008a700000|  0%| F|  |TAMS 0x000000008a600000| PB 0x000000008a600000| Untracked 
| 167|0x000000008a700000, 0x000000008a700000, 0x000000008a800000|  0%| F|  |TAMS 0x000000008a700000| PB 0x000000008a700000| Untracked 
| 168|0x000000008a800000, 0x000000008a800000, 0x000000008a900000|  0%| F|  |TAMS 0x000000008a800000| PB 0x000000008a800000| Untracked 
| 169|0x000000008a900000, 0x000000008a900000, 0x000000008aa00000|  0%| F|  |TAMS 0x000000008a900000| PB 0x000000008a900000| Untracked 
| 170|0x000000008aa00000, 0x000000008aa00000, 0x000000008ab00000|  0%| F|  |TAMS 0x000000008aa00000| PB 0x000000008aa00000| Untracked 
| 171|0x000000008ab00000, 0x000000008ab00000, 0x000000008ac00000|  0%| F|  |TAMS 0x000000008ab00000| PB 0x000000008ab00000| Untracked 
| 172|0x000000008ac00000, 0x000000008ac00000, 0x000000008ad00000|  0%| F|  |TAMS 0x000000008ac00000| PB 0x000000008ac00000| Untracked 
| 173|0x000000008ad00000, 0x000000008ad00000, 0x000000008ae00000|  0%| F|  |TAMS 0x000000008ad00000| PB 0x000000008ad00000| Untracked 
| 174|0x000000008ae00000, 0x000000008ae00000, 0x000000008af00000|  0%| F|  |TAMS 0x000000008ae00000| PB 0x000000008ae00000| Untracked 
| 175|0x000000008af00000, 0x000000008af00000, 0x000000008b000000|  0%| F|  |TAMS 0x000000008af00000| PB 0x000000008af00000| Untracked 
| 176|0x000000008b000000, 0x000000008b000000, 0x000000008b100000|  0%| F|  |TAMS 0x000000008b000000| PB 0x000000008b000000| Untracked 
| 177|0x000000008b100000, 0x000000008b100000, 0x000000008b200000|  0%| F|  |TAMS 0x000000008b100000| PB 0x000000008b100000| Untracked 
| 178|0x000000008b200000, 0x000000008b200000, 0x000000008b300000|  0%| F|  |TAMS 0x000000008b200000| PB 0x000000008b200000| Untracked 
| 179|0x000000008b300000, 0x000000008b300000, 0x000000008b400000|  0%| F|  |TAMS 0x000000008b300000| PB 0x000000008b300000| Untracked 
| 180|0x000000008b400000, 0x000000008b400000, 0x000000008b500000|  0%| F|  |TAMS 0x000000008b400000| PB 0x000000008b400000| Untracked 
| 181|0x000000008b500000, 0x000000008b500000, 0x000000008b600000|  0%| F|  |TAMS 0x000000008b500000| PB 0x000000008b500000| Untracked 
| 182|0x000000008b600000, 0x000000008b600000, 0x000000008b700000|  0%| F|  |TAMS 0x000000008b600000| PB 0x000000008b600000| Untracked 
| 183|0x000000008b700000, 0x000000008b700000, 0x000000008b800000|  0%| F|  |TAMS 0x000000008b700000| PB 0x000000008b700000| Untracked 
| 184|0x000000008b800000, 0x000000008b800000, 0x000000008b900000|  0%| F|  |TAMS 0x000000008b800000| PB 0x000000008b800000| Untracked 
| 185|0x000000008b900000, 0x000000008b900000, 0x000000008ba00000|  0%| F|  |TAMS 0x000000008b900000| PB 0x000000008b900000| Untracked 
| 186|0x000000008ba00000, 0x000000008ba00000, 0x000000008bb00000|  0%| F|  |TAMS 0x000000008ba00000| PB 0x000000008ba00000| Untracked 
| 187|0x000000008bb00000, 0x000000008bb00000, 0x000000008bc00000|  0%| F|  |TAMS 0x000000008bb00000| PB 0x000000008bb00000| Untracked 
| 188|0x000000008bc00000, 0x000000008bc00000, 0x000000008bd00000|  0%| F|  |TAMS 0x000000008bc00000| PB 0x000000008bc00000| Untracked 
| 189|0x000000008bd00000, 0x000000008bd00000, 0x000000008be00000|  0%| F|  |TAMS 0x000000008bd00000| PB 0x000000008bd00000| Untracked 
| 190|0x000000008be00000, 0x000000008be00000, 0x000000008bf00000|  0%| F|  |TAMS 0x000000008be00000| PB 0x000000008be00000| Untracked 
| 191|0x000000008bf00000, 0x000000008bf00000, 0x000000008c000000|  0%| F|  |TAMS 0x000000008bf00000| PB 0x000000008bf00000| Untracked 
| 192|0x000000008c000000, 0x000000008c000000, 0x000000008c100000|  0%| F|  |TAMS 0x000000008c000000| PB 0x000000008c000000| Untracked 
| 193|0x000000008c100000, 0x000000008c100000, 0x000000008c200000|  0%| F|  |TAMS 0x000000008c100000| PB 0x000000008c100000| Untracked 
| 194|0x000000008c200000, 0x000000008c200000, 0x000000008c300000|  0%| F|  |TAMS 0x000000008c200000| PB 0x000000008c200000| Untracked 
| 195|0x000000008c300000, 0x000000008c300000, 0x000000008c400000|  0%| F|  |TAMS 0x000000008c300000| PB 0x000000008c300000| Untracked 
| 196|0x000000008c400000, 0x000000008c400000, 0x000000008c500000|  0%| F|  |TAMS 0x000000008c400000| PB 0x000000008c400000| Untracked 
| 197|0x000000008c500000, 0x000000008c500000, 0x000000008c600000|  0%| F|  |TAMS 0x000000008c500000| PB 0x000000008c500000| Untracked 
| 198|0x000000008c600000, 0x000000008c600000, 0x000000008c700000|  0%| F|  |TAMS 0x000000008c600000| PB 0x000000008c600000| Untracked 
| 199|0x000000008c700000, 0x000000008c700000, 0x000000008c800000|  0%| F|  |TAMS 0x000000008c700000| PB 0x000000008c700000| Untracked 
| 200|0x000000008c800000, 0x000000008c800000, 0x000000008c900000|  0%| F|  |TAMS 0x000000008c800000| PB 0x000000008c800000| Untracked 
| 201|0x000000008c900000, 0x000000008c900000, 0x000000008ca00000|  0%| F|  |TAMS 0x000000008c900000| PB 0x000000008c900000| Untracked 
| 202|0x000000008ca00000, 0x000000008ca00000, 0x000000008cb00000|  0%| F|  |TAMS 0x000000008ca00000| PB 0x000000008ca00000| Untracked 
| 203|0x000000008cb00000, 0x000000008cb00000, 0x000000008cc00000|  0%| F|  |TAMS 0x000000008cb00000| PB 0x000000008cb00000| Untracked 
| 204|0x000000008cc00000, 0x000000008cc00000, 0x000000008cd00000|  0%| F|  |TAMS 0x000000008cc00000| PB 0x000000008cc00000| Untracked 
| 205|0x000000008cd00000, 0x000000008cd00000, 0x000000008ce00000|  0%| F|  |TAMS 0x000000008cd00000| PB 0x000000008cd00000| Untracked 
| 206|0x000000008ce00000, 0x000000008ce00000, 0x000000008cf00000|  0%| F|  |TAMS 0x000000008ce00000| PB 0x000000008ce00000| Untracked 
| 207|0x000000008cf00000, 0x000000008cf00000, 0x000000008d000000|  0%| F|  |TAMS 0x000000008cf00000| PB 0x000000008cf00000| Untracked 
| 208|0x000000008d000000, 0x000000008d000000, 0x000000008d100000|  0%| F|  |TAMS 0x000000008d000000| PB 0x000000008d000000| Untracked 
| 209|0x000000008d100000, 0x000000008d100000, 0x000000008d200000|  0%| F|  |TAMS 0x000000008d100000| PB 0x000000008d100000| Untracked 
| 210|0x000000008d200000, 0x000000008d200000, 0x000000008d300000|  0%| F|  |TAMS 0x000000008d200000| PB 0x000000008d200000| Untracked 
| 211|0x000000008d300000, 0x000000008d3a0ca8, 0x000000008d400000| 62%| S|CS|TAMS 0x000000008d300000| PB 0x000000008d300000| Complete 
| 212|0x000000008d400000, 0x000000008d400000, 0x000000008d500000|  0%| F|  |TAMS 0x000000008d400000| PB 0x000000008d400000| Untracked 
| 213|0x000000008d500000, 0x000000008d500000, 0x000000008d600000|  0%| F|  |TAMS 0x000000008d500000| PB 0x000000008d500000| Untracked 
| 214|0x000000008d600000, 0x000000008d600000, 0x000000008d700000|  0%| F|  |TAMS 0x000000008d600000| PB 0x000000008d600000| Untracked 
| 215|0x000000008d700000, 0x000000008d700000, 0x000000008d800000|  0%| F|  |TAMS 0x000000008d700000| PB 0x000000008d700000| Untracked 
| 216|0x000000008d800000, 0x000000008d800000, 0x000000008d900000|  0%| F|  |TAMS 0x000000008d800000| PB 0x000000008d800000| Untracked 
| 217|0x000000008d900000, 0x000000008d900000, 0x000000008da00000|  0%| F|  |TAMS 0x000000008d900000| PB 0x000000008d900000| Untracked 
| 218|0x000000008da00000, 0x000000008da00000, 0x000000008db00000|  0%| F|  |TAMS 0x000000008da00000| PB 0x000000008da00000| Untracked 
| 219|0x000000008db00000, 0x000000008db00000, 0x000000008dc00000|  0%| F|  |TAMS 0x000000008db00000| PB 0x000000008db00000| Untracked 
| 220|0x000000008dc00000, 0x000000008dc00000, 0x000000008dd00000|  0%| F|  |TAMS 0x000000008dc00000| PB 0x000000008dc00000| Untracked 
| 221|0x000000008dd00000, 0x000000008dd00000, 0x000000008de00000|  0%| F|  |TAMS 0x000000008dd00000| PB 0x000000008dd00000| Untracked 
| 222|0x000000008de00000, 0x000000008de00000, 0x000000008df00000|  0%| F|  |TAMS 0x000000008de00000| PB 0x000000008de00000| Untracked 
| 223|0x000000008df00000, 0x000000008df00000, 0x000000008e000000|  0%| F|  |TAMS 0x000000008df00000| PB 0x000000008df00000| Untracked 
| 224|0x000000008e000000, 0x000000008e000000, 0x000000008e100000|  0%| F|  |TAMS 0x000000008e000000| PB 0x000000008e000000| Untracked 
| 225|0x000000008e100000, 0x000000008e100000, 0x000000008e200000|  0%| F|  |TAMS 0x000000008e100000| PB 0x000000008e100000| Untracked 
| 226|0x000000008e200000, 0x000000008e200000, 0x000000008e300000|  0%| F|  |TAMS 0x000000008e200000| PB 0x000000008e200000| Untracked 
| 227|0x000000008e300000, 0x000000008e300000, 0x000000008e400000|  0%| F|  |TAMS 0x000000008e300000| PB 0x000000008e300000| Untracked 
| 228|0x000000008e400000, 0x000000008e400000, 0x000000008e500000|  0%| F|  |TAMS 0x000000008e400000| PB 0x000000008e400000| Untracked 
| 229|0x000000008e500000, 0x000000008e500000, 0x000000008e600000|  0%| F|  |TAMS 0x000000008e500000| PB 0x000000008e500000| Untracked 
| 230|0x000000008e600000, 0x000000008e600000, 0x000000008e700000|  0%| F|  |TAMS 0x000000008e600000| PB 0x000000008e600000| Untracked 
| 231|0x000000008e700000, 0x000000008e700000, 0x000000008e800000|  0%| F|  |TAMS 0x000000008e700000| PB 0x000000008e700000| Untracked 
| 232|0x000000008e800000, 0x000000008e800000, 0x000000008e900000|  0%| F|  |TAMS 0x000000008e800000| PB 0x000000008e800000| Untracked 
| 233|0x000000008e900000, 0x000000008e900000, 0x000000008ea00000|  0%| F|  |TAMS 0x000000008e900000| PB 0x000000008e900000| Untracked 
| 234|0x000000008ea00000, 0x000000008ea00000, 0x000000008eb00000|  0%| F|  |TAMS 0x000000008ea00000| PB 0x000000008ea00000| Untracked 
| 235|0x000000008eb00000, 0x000000008eb00000, 0x000000008ec00000|  0%| F|  |TAMS 0x000000008eb00000| PB 0x000000008eb00000| Untracked 
| 236|0x000000008ec00000, 0x000000008ec00000, 0x000000008ed00000|  0%| F|  |TAMS 0x000000008ec00000| PB 0x000000008ec00000| Untracked 
| 237|0x000000008ed00000, 0x000000008ed00000, 0x000000008ee00000|  0%| F|  |TAMS 0x000000008ed00000| PB 0x000000008ed00000| Untracked 
| 238|0x000000008ee00000, 0x000000008ee00000, 0x000000008ef00000|  0%| F|  |TAMS 0x000000008ee00000| PB 0x000000008ee00000| Untracked 
| 239|0x000000008ef00000, 0x000000008ef00000, 0x000000008f000000|  0%| F|  |TAMS 0x000000008ef00000| PB 0x000000008ef00000| Untracked 
| 240|0x000000008f000000, 0x000000008f000000, 0x000000008f100000|  0%| F|  |TAMS 0x000000008f000000| PB 0x000000008f000000| Untracked 
| 241|0x000000008f100000, 0x000000008f100000, 0x000000008f200000|  0%| F|  |TAMS 0x000000008f100000| PB 0x000000008f100000| Untracked 
| 242|0x000000008f200000, 0x000000008f200000, 0x000000008f300000|  0%| F|  |TAMS 0x000000008f200000| PB 0x000000008f200000| Untracked 
| 243|0x000000008f300000, 0x000000008f300000, 0x000000008f400000|  0%| F|  |TAMS 0x000000008f300000| PB 0x000000008f300000| Untracked 
| 244|0x000000008f400000, 0x000000008f400000, 0x000000008f500000|  0%| F|  |TAMS 0x000000008f400000| PB 0x000000008f400000| Untracked 
| 245|0x000000008f500000, 0x000000008f500000, 0x000000008f600000|  0%| F|  |TAMS 0x000000008f500000| PB 0x000000008f500000| Untracked 
| 246|0x000000008f600000, 0x000000008f600000, 0x000000008f700000|  0%| F|  |TAMS 0x000000008f600000| PB 0x000000008f600000| Untracked 
| 247|0x000000008f700000, 0x000000008f700000, 0x000000008f800000|  0%| F|  |TAMS 0x000000008f700000| PB 0x000000008f700000| Untracked 
| 248|0x000000008f800000, 0x000000008f800000, 0x000000008f900000|  0%| F|  |TAMS 0x000000008f800000| PB 0x000000008f800000| Untracked 
| 249|0x000000008f900000, 0x000000008f900000, 0x000000008fa00000|  0%| F|  |TAMS 0x000000008f900000| PB 0x000000008f900000| Untracked 
| 250|0x000000008fa00000, 0x000000008fa00000, 0x000000008fb00000|  0%| F|  |TAMS 0x000000008fa00000| PB 0x000000008fa00000| Untracked 
| 251|0x000000008fb00000, 0x000000008fb00000, 0x000000008fc00000|  0%| F|  |TAMS 0x000000008fb00000| PB 0x000000008fb00000| Untracked 
| 252|0x000000008fc00000, 0x000000008fc00000, 0x000000008fd00000|  0%| F|  |TAMS 0x000000008fc00000| PB 0x000000008fc00000| Untracked 
| 253|0x000000008fd00000, 0x000000008fd00000, 0x000000008fe00000|  0%| F|  |TAMS 0x000000008fd00000| PB 0x000000008fd00000| Untracked 
| 254|0x000000008fe00000, 0x000000008fe00000, 0x000000008ff00000|  0%| F|  |TAMS 0x000000008fe00000| PB 0x000000008fe00000| Untracked 
| 255|0x000000008ff00000, 0x000000008ff00000, 0x0000000090000000|  0%| F|  |TAMS 0x000000008ff00000| PB 0x000000008ff00000| Untracked 
| 256|0x0000000090000000, 0x0000000090000000, 0x0000000090100000|  0%| F|  |TAMS 0x0000000090000000| PB 0x0000000090000000| Untracked 
|2045|0x00000000ffd00000, 0x00000000ffe00000, 0x00000000ffe00000|100%| O|  |TAMS 0x00000000ffe00000| PB 0x00000000ffd00000| Untracked 
|2046|0x00000000ffe00000, 0x00000000fff00000, 0x00000000fff00000|100%| O|  |TAMS 0x00000000fff00000| PB 0x00000000ffe00000| Untracked 
|2047|0x00000000fff00000, 0x0000000100000000, 0x0000000100000000|100%| O|  |TAMS 0x0000000100000000| PB 0x00000000fff00000| Untracked 

Card table byte_map: [0x000001cd3a140000,0x000001cd3a540000] _byte_map_base: 0x000001cd39d40000

Marking Bits: (CMBitMap*) 0x000001cd2764a490
 Bits: [0x000001cd3a540000, 0x000001cd3c540000)

Polling page: 0x000001cd25440000

Metaspace:

Usage:
  Non-class:     60.41 MB used.
      Class:      9.88 MB used.
       Both:     70.29 MB used.

Virtual space:
  Non-class space:       64.00 MB reserved,      62.56 MB ( 98%) committed,  1 nodes.
      Class space:        1.00 GB reserved,      11.25 MB (  1%) committed,  1 nodes.
             Both:        1.06 GB reserved,      73.81 MB (  7%) committed. 

Chunk freelists:
   Non-Class:  2.89 MB
       Class:  5.52 MB
        Both:  8.41 MB

MaxMetaspaceSize: unlimited
CompressedClassSpaceSize: 1.00 GB
Initial GC threshold: 21.00 MB
Current GC threshold: 122.94 MB
CDS: on
 - commit_granule_bytes: 65536.
 - commit_granule_words: 8192.
 - virtual_space_node_default_size: 8388608.
 - enlarge_chunks_in_place: 1.
 - use_allocation_guard: 0.


Internal statistics:

num_allocs_failed_limit: 12.
num_arena_births: 4100.
num_arena_deaths: 2368.
num_vsnodes_births: 2.
num_vsnodes_deaths: 0.
num_space_committed: 1181.
num_space_uncommitted: 0.
num_chunks_returned_to_freelist: 2670.
num_chunks_taken_from_freelist: 7819.
num_chunk_merges: 1003.
num_chunk_splits: 4801.
num_chunks_enlarged: 2921.
num_inconsistent_stats: 0.

CodeHeap 'non-profiled nmethods': size=120000Kb used=5422Kb max_used=5837Kb free=114577Kb
 bounds [0x000001cd322c0000, 0x000001cd32880000, 0x000001cd397f0000]
CodeHeap 'profiled nmethods': size=120000Kb used=13970Kb max_used=17202Kb free=106029Kb
 bounds [0x000001cd2a7f0000, 0x000001cd2b8c0000, 0x000001cd31d20000]
CodeHeap 'non-nmethods': size=5760Kb used=2677Kb max_used=2729Kb free=3082Kb
 bounds [0x000001cd31d20000, 0x000001cd31fd0000, 0x000001cd322c0000]
CodeCache: size=245760Kb, used=22069Kb, max_used=25768Kb, free=223688Kb
 total_blobs=8377, nmethods=7439, adapters=841, full_count=0
Compilation: enabled, stopped_count=0, restarted_count=0

Compilation events (20 events):
Event: 5376.569 Thread 0x000001cd3f1ca5b0 11349       3       org.codehaus.groovy.reflection.CachedClass$3$$Lambda/0x000001cd4151e930::apply (5 bytes)
Event: 5376.572 Thread 0x000001cd3f1ca5b0 nmethod 11349 0x000001cd2b09e110 code [0x000001cd2b09e2c0, 0x000001cd2b09e4b8]
Event: 5376.572 Thread 0x000001cd3f1ca5b0 11350       3       org.codehaus.groovy.reflection.CachedClass$3::lambda$initValue$3 (5 bytes)
Event: 5376.572 Thread 0x000001cd3f1ca5b0 nmethod 11350 0x000001cd2ae1bf10 code [0x000001cd2ae1c0a0, 0x000001cd2ae1c220]
Event: 5376.576 Thread 0x000001cd3f1bc400 nmethod 11345 0x000001cd323d3510 code [0x000001cd323d37a0, 0x000001cd323d4588]
Event: 5376.576 Thread 0x000001cd3f1bc400 11348       4       java.lang.String::<init> (7 bytes)
Event: 5376.594 Thread 0x000001cd3f1bc400 nmethod 11348 0x000001cd323c0890 code [0x000001cd323c0a60, 0x000001cd323c1268]
Event: 5376.594 Thread 0x000001cd3f1bc400 11347       4       org.codehaus.groovy.reflection.stdclasses.CachedSAMClass$$Lambda/0x000001cd4151c000::test (12 bytes)
Event: 5376.595 Thread 0x000001cd3f1bc400 nmethod 11347 0x000001cd32612810 code [0x000001cd326129a0, 0x000001cd32612a98]
Event: 5376.595 Thread 0x000001cd3f1bc400 11351       4       org.codehaus.groovy.util.LazyReference::get (44 bytes)
Event: 5376.597 Thread 0x000001cd3f1bc400 nmethod 11351 0x000001cd322cbf90 code [0x000001cd322cc140, 0x000001cd322cc360]
Event: 5376.601 Thread 0x000001cd3f1ca5b0 11352       3       org.codehaus.groovy.runtime.MetaClassHelper::getPrimitiveIndex (31 bytes)
Event: 5376.601 Thread 0x000001cd3f1ca5b0 nmethod 11352 0x000001cd2ae1a810 code [0x000001cd2ae1a9c0, 0x000001cd2ae1abe8]
Event: 5376.601 Thread 0x000001cd3f1ca5b0 11353       3       java.util.Collections$UnmodifiableMap::get (11 bytes)
Event: 5376.602 Thread 0x000001cd3f1ca5b0 nmethod 11353 0x000001cd2b0a0d90 code [0x000001cd2b0a0f40, 0x000001cd2b0a1118]
Event: 5376.603 Thread 0x000001cd3f1bc400 11354       4       java.lang.Class::getMethodsRecursive (99 bytes)
Event: 5376.669 Thread 0x000001cd3f1ca5b0 11363   !   3       java.security.AccessController::doPrivileged (22 bytes)
Event: 5376.670 Thread 0x000001cd3f1ca5b0 nmethod 11363 0x000001cd2b60ee90 code [0x000001cd2b60f080, 0x000001cd2b60f500]
Event: 5376.672 Thread 0x000001cd3f1ca5b0 11364       3       java.util.regex.Pattern$Dollar::study (14 bytes)
Event: 5376.673 Thread 0x000001cd3f1ca5b0 nmethod 11364 0x000001cd2b0bc190 code [0x000001cd2b0bc340, 0x000001cd2b0bc538]

GC Heap History (20 events):
Event: 5353.720 GC heap after
{Heap after GC invocations=50 (full 0):
 garbage-first heap   total 141312K, used 66338K [0x0000000080000000, 0x0000000100000000)
  region size 1024K, 1 young (1024K), 1 survivors (1024K)
 Metaspace       used 71127K, committed 75520K, reserved 1114112K
  class space    used 9988K, committed 11520K, reserved 1048576K
}
Event: 5362.610 GC heap before
{Heap before GC invocations=50 (full 0):
 garbage-first heap   total 141312K, used 71458K [0x0000000080000000, 0x0000000100000000)
  region size 1024K, 6 young (6144K), 1 survivors (1024K)
 Metaspace       used 71514K, committed 75520K, reserved 1114112K
  class space    used 10080K, committed 11520K, reserved 1048576K
}
Event: 5364.430 GC heap after
{Heap after GC invocations=51 (full 0):
 garbage-first heap   total 141312K, used 66073K [0x0000000080000000, 0x0000000100000000)
  region size 1024K, 1 young (1024K), 1 survivors (1024K)
 Metaspace       used 71514K, committed 75520K, reserved 1114112K
  class space    used 10080K, committed 11520K, reserved 1048576K
}
Event: 5367.608 GC heap before
{Heap before GC invocations=51 (full 0):
 garbage-first heap   total 141312K, used 71193K [0x0000000080000000, 0x0000000100000000)
  region size 1024K, 6 young (6144K), 1 survivors (1024K)
 Metaspace       used 71519K, committed 75520K, reserved 1114112K
  class space    used 10080K, committed 11520K, reserved 1048576K
}
Event: 5367.651 GC heap after
{Heap after GC invocations=52 (full 0):
 garbage-first heap   total 266240K, used 65637K [0x0000000080000000, 0x0000000100000000)
  region size 1024K, 1 young (1024K), 1 survivors (1024K)
 Metaspace       used 71519K, committed 75520K, reserved 1114112K
  class space    used 10080K, committed 11520K, reserved 1048576K
}
Event: 5367.878 GC heap before
{Heap before GC invocations=52 (full 0):
 garbage-first heap   total 266240K, used 77925K [0x0000000080000000, 0x0000000100000000)
  region size 1024K, 13 young (13312K), 1 survivors (1024K)
 Metaspace       used 71528K, committed 75520K, reserved 1114112K
  class space    used 10080K, committed 11520K, reserved 1048576K
}
Event: 5367.926 GC heap after
{Heap after GC invocations=53 (full 0):
 garbage-first heap   total 266240K, used 66414K [0x0000000080000000, 0x0000000100000000)
  region size 1024K, 2 young (2048K), 2 survivors (2048K)
 Metaspace       used 71528K, committed 75520K, reserved 1114112K
  class space    used 10080K, committed 11520K, reserved 1048576K
}
Event: 5368.430 GC heap before
{Heap before GC invocations=53 (full 0):
 garbage-first heap   total 266240K, used 77678K [0x0000000080000000, 0x0000000100000000)
  region size 1024K, 13 young (13312K), 2 survivors (2048K)
 Metaspace       used 71545K, committed 75520K, reserved 1114112K
  class space    used 10082K, committed 11520K, reserved 1048576K
}
Event: 5368.473 GC heap after
{Heap after GC invocations=54 (full 0):
 garbage-first heap   total 266240K, used 67299K [0x0000000080000000, 0x0000000100000000)
  region size 1024K, 2 young (2048K), 2 survivors (2048K)
 Metaspace       used 71545K, committed 75520K, reserved 1114112K
  class space    used 10082K, committed 11520K, reserved 1048576K
}
Event: 5370.211 GC heap before
{Heap before GC invocations=55 (full 0):
 garbage-first heap   total 229376K, used 76515K [0x0000000080000000, 0x0000000100000000)
  region size 1024K, 11 young (11264K), 2 survivors (2048K)
 Metaspace       used 71653K, committed 75520K, reserved 1114112K
  class space    used 10088K, committed 11520K, reserved 1048576K
}
Event: 5371.221 GC heap after
{Heap after GC invocations=56 (full 0):
 garbage-first heap   total 229376K, used 68914K [0x0000000080000000, 0x0000000100000000)
  region size 1024K, 2 young (2048K), 2 survivors (2048K)
 Metaspace       used 71653K, committed 75520K, reserved 1114112K
  class space    used 10088K, committed 11520K, reserved 1048576K
}
Event: 5373.609 GC heap before
{Heap before GC invocations=56 (full 0):
 garbage-first heap   total 229376K, used 78130K [0x0000000080000000, 0x0000000100000000)
  region size 1024K, 11 young (11264K), 2 survivors (2048K)
 Metaspace       used 71782K, committed 75520K, reserved 1114112K
  class space    used 10088K, committed 11520K, reserved 1048576K
}
Event: 5373.626 GC heap after
{Heap after GC invocations=57 (full 0):
 garbage-first heap   total 229376K, used 71180K [0x0000000080000000, 0x0000000100000000)
  region size 1024K, 2 young (2048K), 2 survivors (2048K)
 Metaspace       used 71782K, committed 75520K, reserved 1114112K
  class space    used 10088K, committed 11520K, reserved 1048576K
}
Event: 5375.393 GC heap before
{Heap before GC invocations=57 (full 0):
 garbage-first heap   total 229376K, used 80396K [0x0000000080000000, 0x0000000100000000)
  region size 1024K, 11 young (11264K), 2 survivors (2048K)
 Metaspace       used 71884K, committed 75584K, reserved 1114112K
  class space    used 10106K, committed 11520K, reserved 1048576K
}
Event: 5375.547 GC heap after
{Heap after GC invocations=58 (full 0):
 garbage-first heap   total 229376K, used 71795K [0x0000000080000000, 0x0000000100000000)
  region size 1024K, 2 young (2048K), 2 survivors (2048K)
 Metaspace       used 71884K, committed 75584K, reserved 1114112K
  class space    used 10106K, committed 11520K, reserved 1048576K
}
Event: 5376.583 GC heap before
{Heap before GC invocations=58 (full 0):
 garbage-first heap   total 229376K, used 81011K [0x0000000080000000, 0x0000000100000000)
  region size 1024K, 11 young (11264K), 2 survivors (2048K)
 Metaspace       used 71962K, committed 75584K, reserved 1114112K
  class space    used 10116K, committed 11520K, reserved 1048576K
}
Event: 5376.594 GC heap after
{Heap after GC invocations=59 (full 0):
 garbage-first heap   total 229376K, used 72343K [0x0000000080000000, 0x0000000100000000)
  region size 1024K, 2 young (2048K), 2 survivors (2048K)
 Metaspace       used 71962K, committed 75584K, reserved 1114112K
  class space    used 10116K, committed 11520K, reserved 1048576K
}
Event: 5376.632 GC heap before
{Heap before GC invocations=59 (full 0):
 garbage-first heap   total 229376K, used 81559K [0x0000000080000000, 0x0000000100000000)
  region size 1024K, 11 young (11264K), 2 survivors (2048K)
 Metaspace       used 71972K, committed 75584K, reserved 1114112K
  class space    used 10118K, committed 11520K, reserved 1048576K
}
Event: 5376.642 GC heap after
{Heap after GC invocations=60 (full 0):
 garbage-first heap   total 229376K, used 72367K [0x0000000080000000, 0x0000000100000000)
  region size 1024K, 2 young (2048K), 2 survivors (2048K)
 Metaspace       used 71972K, committed 75584K, reserved 1114112K
  class space    used 10118K, committed 11520K, reserved 1048576K
}
Event: 5376.673 GC heap before
{Heap before GC invocations=60 (full 0):
 garbage-first heap   total 229376K, used 81583K [0x0000000080000000, 0x0000000100000000)
  region size 1024K, 11 young (11264K), 2 survivors (2048K)
 Metaspace       used 71975K, committed 75584K, reserved 1114112K
  class space    used 10119K, committed 11520K, reserved 1048576K
}

Dll operation events (14 events):
Event: 0.151 Loaded shared library C:\Users\kouad\.vscode\extensions\redhat.java-1.55.0-win32-x64\jre\21.0.11-win32-x86_64\bin\java.dll
Event: 0.367 Loaded shared library C:\Users\kouad\.vscode\extensions\redhat.java-1.55.0-win32-x64\jre\21.0.11-win32-x86_64\bin\zip.dll
Event: 0.449 Loaded shared library C:\Users\kouad\.vscode\extensions\redhat.java-1.55.0-win32-x64\jre\21.0.11-win32-x86_64\bin\instrument.dll
Event: 0.468 Loaded shared library C:\Users\kouad\.vscode\extensions\redhat.java-1.55.0-win32-x64\jre\21.0.11-win32-x86_64\bin\net.dll
Event: 1.910 Loaded shared library C:\Users\kouad\.vscode\extensions\redhat.java-1.55.0-win32-x64\jre\21.0.11-win32-x86_64\bin\nio.dll
Event: 2.351 Loaded shared library C:\Users\kouad\.vscode\extensions\redhat.java-1.55.0-win32-x64\jre\21.0.11-win32-x86_64\bin\zip.dll
Event: 11.112 Loaded shared library C:\Users\kouad\.vscode\extensions\redhat.java-1.55.0-win32-x64\jre\21.0.11-win32-x86_64\bin\jimage.dll
Event: 11.509 Loaded shared library C:\Users\kouad\.vscode\extensions\redhat.java-1.55.0-win32-x64\jre\21.0.11-win32-x86_64\bin\verify.dll
Event: 12.541 Loaded shared library C:\Users\kouad\.gradle\native\c067742578af261105cb4f569cf0c3c89f3d7b1fecec35dd04571415982c5e48\windows-amd64\native-platform.dll
Event: 12.588 Loaded shared library C:\Users\kouad\.gradle\native\38dada09dfb8b06ba9b0570ebf7e218e3eb74d4ef43ca46872605cf95ebc2f47\windows-amd64\native-platform-file-events.dll
Event: 71.528 Loaded shared library C:\Users\kouad\.vscode\extensions\redhat.java-1.55.0-win32-x64\jre\21.0.11-win32-x86_64\bin\management.dll
Event: 71.847 Loaded shared library C:\Users\kouad\.vscode\extensions\redhat.java-1.55.0-win32-x64\jre\21.0.11-win32-x86_64\bin\management_ext.dll
Event: 85.438 Loaded shared library C:\Users\kouad\.vscode\extensions\redhat.java-1.55.0-win32-x64\jre\21.0.11-win32-x86_64\bin\extnet.dll
Event: 85.944 Loaded shared library C:\Users\kouad\.vscode\extensions\redhat.java-1.55.0-win32-x64\jre\21.0.11-win32-x86_64\bin\sunmscapi.dll

Deoptimization events (20 events):
Event: 5369.493 Thread 0x000001cd87b618d0 DEOPT PACKING pc=0x000001cd32611d54 sp=0x00000001e97f8220
Event: 5369.494 Thread 0x000001cd87b618d0 DEOPT UNPACKING pc=0x000001cd31d74422 sp=0x00000001e97f80b0 mode 2
Event: 5373.546 Thread 0x000001cd8a77c450 Uncommon trap: trap_request=0xffffff45 fr.pc=0x000001cd3278f134 relative=0x00000000000012f4
Event: 5373.546 Thread 0x000001cd8a77c450 Uncommon trap: reason=unstable_if action=reinterpret pc=0x000001cd3278f134 method=java.util.concurrent.locks.ReentrantLock$NonfairSync.tryAcquire(I)Z @ 13 c2
Event: 5373.546 Thread 0x000001cd8a77c450 DEOPT PACKING pc=0x000001cd3278f134 sp=0x00000001eb7fe050
Event: 5373.546 Thread 0x000001cd8a77c450 DEOPT UNPACKING pc=0x000001cd31d74422 sp=0x00000001eb7fdf90 mode 2
Event: 5376.529 Thread 0x000001cd87b618d0 DEOPT PACKING pc=0x000001cd2a9f66ce sp=0x00000001e97f90f0
Event: 5376.533 Thread 0x000001cd87b618d0 DEOPT UNPACKING pc=0x000001cd31d74bc2 sp=0x00000001e97f8550 mode 0
Event: 5376.604 Thread 0x000001cd87b618d0 Uncommon trap: trap_request=0xfffffff4 fr.pc=0x000001cd326b4240 relative=0x0000000000002540
Event: 5376.604 Thread 0x000001cd87b618d0 Uncommon trap: reason=null_check action=make_not_entrant pc=0x000001cd326b4240 method=java.lang.PublicMethods$MethodList.getMostSpecific()Ljava/lang/reflect/Method; @ 41 c2
Event: 5376.604 Thread 0x000001cd87b618d0 DEOPT PACKING pc=0x000001cd326b4240 sp=0x00000001e97f5be0
Event: 5376.604 Thread 0x000001cd87b618d0 DEOPT UNPACKING pc=0x000001cd31d74422 sp=0x00000001e97f5a80 mode 2
Event: 5376.604 Thread 0x000001cd87b618d0 Uncommon trap: trap_request=0xfffffff4 fr.pc=0x000001cd326af678 relative=0x00000000000027f8
Event: 5376.604 Thread 0x000001cd87b618d0 Uncommon trap: reason=null_check action=make_not_entrant pc=0x000001cd326af678 method=java.lang.PublicMethods$MethodList.getMostSpecific()Ljava/lang/reflect/Method; @ 41 c2
Event: 5376.604 Thread 0x000001cd87b618d0 DEOPT PACKING pc=0x000001cd326af678 sp=0x00000001e97f5b80
Event: 5376.605 Thread 0x000001cd87b618d0 DEOPT UNPACKING pc=0x000001cd31d74422 sp=0x00000001e97f5a78 mode 2
Event: 5376.605 Thread 0x000001cd87b618d0 Uncommon trap: trap_request=0xfffffff4 fr.pc=0x000001cd325ec6bc relative=0x00000000000001fc
Event: 5376.605 Thread 0x000001cd87b618d0 Uncommon trap: reason=null_check action=make_not_entrant pc=0x000001cd325ec6bc method=java.lang.PublicMethods$MethodList.getMostSpecific()Ljava/lang/reflect/Method; @ 41 c2
Event: 5376.605 Thread 0x000001cd87b618d0 DEOPT PACKING pc=0x000001cd325ec6bc sp=0x00000001e97f5ae0
Event: 5376.605 Thread 0x000001cd87b618d0 DEOPT UNPACKING pc=0x000001cd31d74422 sp=0x00000001e97f59f8 mode 2

Classes loaded (20 events):
Event: 120.665 Loading class java/util/AbstractSetCustomizer
Event: 120.665 Loading class java/util/AbstractSetCustomizer done
Event: 120.665 Loading class java/util/AbstractSetCustomizer
Event: 120.665 Loading class java/util/AbstractSetCustomizer done
Event: 120.666 Loading class java/util/HashSetCustomizer
Event: 120.666 Loading class java/util/HashSetCustomizer done
Event: 120.666 Loading class java/util/HashSetCustomizer
Event: 120.666 Loading class java/util/HashSetCustomizer done
Event: 120.667 Loading class java/util/LinkedHashSetCustomizer
Event: 120.667 Loading class java/util/LinkedHashSetCustomizer done
Event: 120.667 Loading class java/util/LinkedHashSetCustomizer
Event: 120.667 Loading class java/util/LinkedHashSetCustomizer done
Event: 120.690 Loading class java/util/concurrent/ConcurrentLinkedQueue$Itr
Event: 120.690 Loading class java/util/concurrent/ConcurrentLinkedQueue$Itr done
Event: 120.788 Loading class java/util/concurrent/CompletableFuture$AsyncRun
Event: 120.789 Loading class java/util/concurrent/CompletableFuture$AsyncRun done
Event: 135.615 Loading class java/lang/foreign/MemorySegment
Event: 135.616 Loading class java/lang/foreign/MemorySegment done
Event: 663.435 Loading class jdk/internal/math/FormattedFPDecimal
Event: 663.672 Loading class jdk/internal/math/FormattedFPDecimal done

Classes unloaded (20 events):
Event: 4373.036 Thread 0x000001cd3f1786c0 Unloading class 0x000001cd41360800 'java/lang/invoke/LambdaForm$MH+0x000001cd41360800'
Event: 4373.037 Thread 0x000001cd3f1786c0 Unloading class 0x000001cd41359800 'java/lang/invoke/LambdaForm$MH+0x000001cd41359800'
Event: 4373.037 Thread 0x000001cd3f1786c0 Unloading class 0x000001cd41359400 'java/lang/invoke/LambdaForm$MH+0x000001cd41359400'
Event: 4373.037 Thread 0x000001cd3f1786c0 Unloading class 0x000001cd41350400 'java/lang/invoke/LambdaForm$MH+0x000001cd41350400'
Event: 4373.037 Thread 0x000001cd3f1786c0 Unloading class 0x000001cd41350000 'java/lang/invoke/LambdaForm$MH+0x000001cd41350000'
Event: 4373.037 Thread 0x000001cd3f1786c0 Unloading class 0x000001cd41029c00 'java/lang/invoke/LambdaForm$MH+0x000001cd41029c00'
Event: 4373.038 Thread 0x000001cd3f1786c0 Unloading class 0x000001cd41000400 'java/lang/invoke/LambdaForm$MH+0x000001cd41000400'
Event: 5368.743 Thread 0x000001cd3f1786c0 Unloading class 0x000001cd413e0000 'java/lang/invoke/LambdaForm$MH+0x000001cd413e0000'
Event: 5368.745 Thread 0x000001cd3f1786c0 Unloading class 0x000001cd413dbc00 'java/lang/invoke/LambdaForm$MH+0x000001cd413dbc00'
Event: 5368.745 Thread 0x000001cd3f1786c0 Unloading class 0x000001cd413db800 'java/lang/invoke/LambdaForm$MH+0x000001cd413db800'
Event: 5368.745 Thread 0x000001cd3f1786c0 Unloading class 0x000001cd4137a800 'java/lang/invoke/LambdaForm$MH+0x000001cd4137a800'
Event: 5368.746 Thread 0x000001cd3f1786c0 Unloading class 0x000001cd4137a400 'java/lang/invoke/LambdaForm$MH+0x000001cd4137a400'
Event: 5368.746 Thread 0x000001cd3f1786c0 Unloading class 0x000001cd4130d800 'java/lang/invoke/LambdaForm$MH+0x000001cd4130d800'
Event: 5368.746 Thread 0x000001cd3f1786c0 Unloading class 0x000001cd4130d400 'java/lang/invoke/LambdaForm$MH+0x000001cd4130d400'
Event: 5368.746 Thread 0x000001cd3f1786c0 Unloading class 0x000001cd41309800 'java/lang/invoke/LambdaForm$MH+0x000001cd41309800'
Event: 5368.746 Thread 0x000001cd3f1786c0 Unloading class 0x000001cd41309400 'java/lang/invoke/LambdaForm$MH+0x000001cd41309400'
Event: 5368.746 Thread 0x000001cd3f1786c0 Unloading class 0x000001cd412ab400 'java/lang/invoke/LambdaForm$MH+0x000001cd412ab400'
Event: 5368.746 Thread 0x000001cd3f1786c0 Unloading class 0x000001cd412ab000 'java/lang/invoke/LambdaForm$MH+0x000001cd412ab000'
Event: 5368.746 Thread 0x000001cd3f1786c0 Unloading class 0x000001cd412a9400 'java/lang/invoke/LambdaForm$MH+0x000001cd412a9400'
Event: 5368.746 Thread 0x000001cd3f1786c0 Unloading class 0x000001cd412a9000 'java/lang/invoke/LambdaForm$MH+0x000001cd412a9000'

Classes redefined (0 events):
No events

Internal exceptions (20 events):
Event: 5362.344 Thread 0x000001cd87b618d0 Implicit null exception at 0x000001cd324487a7 to 0x000001cd32448a98
Event: 5362.423 Thread 0x000001cd87b618d0 Implicit null exception at 0x000001cd3235bc72 to 0x000001cd3235bd08
Event: 5362.471 Thread 0x000001cd87b618d0 Implicit null exception at 0x000001cd3270614a to 0x000001cd32706954
Event: 5367.562 Thread 0x000001cd87b618d0 Exception <a 'sun/nio/fs/WindowsException'{0x0000000088264ae8}> (0x0000000088264ae8) 
thrown [s\src\hotspot\share\prims\jni.cpp, line 520]
Event: 5367.565 Thread 0x000001cd87b618d0 Exception <a 'sun/nio/fs/WindowsException'{0x0000000088265fc8}> (0x0000000088265fc8) 
thrown [s\src\hotspot\share\prims\jni.cpp, line 520]
Event: 5367.567 Thread 0x000001cd87b618d0 Exception <a 'sun/nio/fs/WindowsException'{0x0000000088267498}> (0x0000000088267498) 
thrown [s\src\hotspot\share\prims\jni.cpp, line 520]
Event: 5367.569 Thread 0x000001cd87b618d0 Exception <a 'sun/nio/fs/WindowsException'{0x000000008826bfd0}> (0x000000008826bfd0) 
thrown [s\src\hotspot\share\prims\jni.cpp, line 520]
Event: 5367.722 Thread 0x000001cd87b618d0 Exception <a 'java/lang/IncompatibleClassChangeError'{0x000000008fe78448}: Found class java.lang.Object, but interface was expected> (0x000000008fe78448) 
thrown [s\src\hotspot\share\interpreter\linkResolver.cpp, line 840]
Event: 5367.811 Thread 0x000001cd87b618d0 Implicit null exception at 0x000001cd326a55e2 to 0x000001cd326aa1a8
Event: 5367.814 Thread 0x000001cd87b618d0 Implicit null exception at 0x000001cd3252df4a to 0x000001cd3252e4fc
Event: 5368.719 Thread 0x000001cd87b618d0 Exception <a 'java/lang/NoSuchMethodError'{0x000000008fe66558}: 'java.lang.Object java.lang.invoke.DelegatingMethodHandle$Holder.reinvoke_L(java.lang.Object, java.lang.Object, java.lang.Object, java.lang.Object, java.lang.Object, java.lang.Object, java.lang.Object, java.lang.Object, java.lang.Object, java.lang.Object, java.lang.Object, java.lang.Object, java.lang.Object, java.lang.Object, java.lang.Object, java.lang.Object, java.lang.Object, java.lang.Object, java.lang.Object, java.lang.Object, java.lang.O
Event: 5369.493 Thread 0x000001cd87b618d0 Implicit null exception at 0x000001cd3251f28e to 0x000001cd3252016c
Event: 5369.493 Thread 0x000001cd87b618d0 Implicit null exception at 0x000001cd326113a3 to 0x000001cd32611d30
Event: 5373.880 Thread 0x000001cd87b618d0 Exception <a 'java/lang/NoSuchMethodError'{0x000000008d6454f8}: 'java.lang.Object java.lang.invoke.DirectMethodHandle$Holder.invokeVirtual(java.lang.Object, java.lang.Object, java.lang.Object, int)'> (0x000000008d6454f8) 
thrown [s\src\hotspot\share\interpreter\linkResolver.cpp, line 773]
Event: 5375.263 Thread 0x000001cd87b618d0 Exception <a 'java/lang/NoSuchMethodError'{0x000000008d4bc150}: 'java.lang.Object java.lang.invoke.DirectMethodHandle$Holder.newInvokeSpecial(java.lang.Object, java.lang.Object, java.lang.Object, java.lang.Object, java.lang.Object, java.lang.Object, java.lang.Object, java.lang.Object, java.lang.Object, java.lang.Object, java.lang.Object, java.lang.Object, java.lang.Object, java.lang.Object, java.lang.Object, java.lang.Object)'> (0x000000008d4bc150) 
thrown [s\src\hotspot\share\interpreter\linkResolver.cpp,
Event: 5375.263 Thread 0x000001cd87b618d0 Exception <a 'java/lang/NoSuchMethodError'{0x000000008d4c27b0}: 'java.lang.Object java.lang.invoke.DelegatingMethodHandle$Holder.reinvoke_L(java.lang.Object, java.lang.Object, java.lang.Object, java.lang.Object, java.lang.Object, java.lang.Object, java.lang.Object, java.lang.Object, java.lang.Object, java.lang.Object, java.lang.Object, java.lang.Object, java.lang.Object, java.lang.Object, java.lang.Object, java.lang.Object)'> (0x000000008d4c27b0) 
thrown [s\src\hotspot\share\interpreter\linkResolver.cpp, l
Event: 5376.597 Thread 0x000001cd87b618d0 Exception <a 'java/lang/NoSuchMethodError'{0x000000008f567880}: 'void java.lang.invoke.DirectMethodHandle$Holder.invokeInterface(java.lang.Object, java.lang.Object, int)'> (0x000000008f567880) 
thrown [s\src\hotspot\share\interpreter\linkResolver.cpp, line 773]
Event: 5376.597 Thread 0x000001cd87b618d0 Exception <a 'java/lang/NoSuchMethodError'{0x000000008f56be08}: 'void java.lang.invoke.DelegatingMethodHandle$Holder.reinvoke_L(java.lang.Object, java.lang.Object, int)'> (0x000000008f56be08) 
thrown [s\src\hotspot\share\interpreter\linkResolver.cpp, line 773]
Event: 5376.604 Thread 0x000001cd87b618d0 Implicit null exception at 0x000001cd326addeb to 0x000001cd326af640
Event: 5376.605 Thread 0x000001cd87b618d0 Implicit null exception at 0x000001cd325ec569 to 0x000001cd325ec698

ZGC Phase Switch (0 events):
No events

VM Operations (20 events):
Event: 5369.928 Executing safepoint VM operation: G1PauseCleanup done
Event: 5370.209 Executing safepoint VM operation: G1CollectForAllocation (G1 Evacuation Pause)
Event: 5371.221 Executing safepoint VM operation: G1CollectForAllocation (G1 Evacuation Pause) done
Event: 5372.225 Executing safepoint VM operation: Cleanup
Event: 5372.257 Executing safepoint VM operation: Cleanup done
Event: 5373.259 Executing safepoint VM operation: Cleanup
Event: 5373.259 Executing safepoint VM operation: Cleanup done
Event: 5373.609 Executing safepoint VM operation: G1CollectForAllocation (G1 Evacuation Pause)
Event: 5373.626 Executing safepoint VM operation: G1CollectForAllocation (G1 Evacuation Pause) done
Event: 5374.635 Executing safepoint VM operation: Cleanup
Event: 5374.667 Executing safepoint VM operation: Cleanup done
Event: 5375.393 Executing safepoint VM operation: G1CollectForAllocation (G1 Evacuation Pause)
Event: 5375.547 Executing safepoint VM operation: G1CollectForAllocation (G1 Evacuation Pause) done
Event: 5376.551 Executing safepoint VM operation: Cleanup
Event: 5376.567 Executing safepoint VM operation: Cleanup done
Event: 5376.583 Executing safepoint VM operation: G1CollectForAllocation (G1 Evacuation Pause)
Event: 5376.594 Executing safepoint VM operation: G1CollectForAllocation (G1 Evacuation Pause) done
Event: 5376.632 Executing safepoint VM operation: G1CollectForAllocation (G1 Evacuation Pause)
Event: 5376.642 Executing safepoint VM operation: G1CollectForAllocation (G1 Evacuation Pause) done
Event: 5376.673 Executing safepoint VM operation: G1CollectForAllocation (G1 Evacuation Pause)

Memory protections (0 events):
No events

Nmethod flushes (20 events):
Event: 5369.319 Thread 0x000001cd3f1786c0 flushing  nmethod 0x000001cd2b5dd910
Event: 5369.319 Thread 0x000001cd3f1786c0 flushing  nmethod 0x000001cd2b5de710
Event: 5369.319 Thread 0x000001cd3f1786c0 flushing  nmethod 0x000001cd2b5e0710
Event: 5369.319 Thread 0x000001cd3f1786c0 flushing  nmethod 0x000001cd2b5e2190
Event: 5369.319 Thread 0x000001cd3f1786c0 flushing  nmethod 0x000001cd2b5ea410
Event: 5369.319 Thread 0x000001cd3f1786c0 flushing  nmethod 0x000001cd2b5eae90
Event: 5369.319 Thread 0x000001cd3f1786c0 flushing  nmethod 0x000001cd2b5eb910
Event: 5369.319 Thread 0x000001cd3f1786c0 flushing  nmethod 0x000001cd2ace2090
Event: 5369.319 Thread 0x000001cd3f1786c0 flushing  nmethod 0x000001cd2ae8a910
Event: 5369.319 Thread 0x000001cd3f1786c0 flushing  nmethod 0x000001cd2b0f0d90
Event: 5369.319 Thread 0x000001cd3f1786c0 flushing  nmethod 0x000001cd2b5eeb10
Event: 5369.319 Thread 0x000001cd3f1786c0 flushing  nmethod 0x000001cd2b5eee90
Event: 5369.319 Thread 0x000001cd3f1786c0 flushing  nmethod 0x000001cd2b5ef590
Event: 5369.319 Thread 0x000001cd3f1786c0 flushing  nmethod 0x000001cd2b5efa90
Event: 5369.319 Thread 0x000001cd3f1786c0 flushing  nmethod 0x000001cd2b5f3310
Event: 5369.319 Thread 0x000001cd3f1786c0 flushing  nmethod 0x000001cd2b5f3990
Event: 5369.319 Thread 0x000001cd3f1786c0 flushing  nmethod 0x000001cd2b5f4f10
Event: 5369.319 Thread 0x000001cd3f1786c0 flushing  nmethod 0x000001cd2b5c8e10
Event: 5369.319 Thread 0x000001cd3f1786c0 flushing  nmethod 0x000001cd2b5cc490
Event: 5369.319 Thread 0x000001cd3f1786c0 flushing  nmethod 0x000001cd2b5cea10

Events (20 events):
Event: 5349.126 Thread 0x000001cd8677f900 Thread added: 0x000001cd87b618d0
Event: 5350.170 Thread 0x000001cd87b618d0 Thread added: 0x000001cd8677f270
Event: 5353.781 Thread 0x000001cd87b618d0 Thread added: 0x000001cd87b653e0
Event: 5353.835 Thread 0x000001cd87b618d0 Thread added: 0x000001cd87b66790
Event: 5358.214 Thread 0x000001cd87b618d0 Thread added: 0x000001cd87b65a70
Event: 5360.414 Thread 0x000001cd87b618d0 Thread added: 0x000001cd87b66100
Event: 5360.565 Thread 0x000001cd87b618d0 Thread added: 0x000001cd8a382c00
Event: 5360.648 Thread 0x000001cd87b618d0 Thread added: 0x000001cd8a381ee0
Event: 5368.708 Thread 0x000001cd87b618d0 Thread added: 0x000001cd87b60bb0
Event: 5373.286 Thread 0x000001cd87b618d0 Thread added: 0x000001cd8a383920
Event: 5373.287 Thread 0x000001cd87b618d0 Thread added: 0x000001cd8947ede0
Event: 5373.287 Thread 0x000001cd87b618d0 Thread added: 0x000001cd8947da30
Event: 5373.287 Thread 0x000001cd87b618d0 Thread added: 0x000001cd8947e0c0
Event: 5373.287 Thread 0x000001cd87b618d0 Thread added: 0x000001cd8947e750
Event: 5373.287 Thread 0x000001cd87b618d0 Thread added: 0x000001cd87bcfe20
Event: 5373.287 Thread 0x000001cd87b618d0 Thread added: 0x000001cd87bd11d0
Event: 5373.298 Thread 0x000001cd87b618d0 Thread added: 0x000001cd8677ff90
Event: 5373.298 Thread 0x000001cd87b618d0 Thread added: 0x000001cd86780620
Event: 5373.299 Thread 0x000001cd87b618d0 Thread added: 0x000001cd8a77c450
Event: 5373.299 Thread 0x000001cd87b618d0 Thread added: 0x000001cd8a77e520


Dynamic libraries:
0x00007ff7f9850000 - 0x00007ff7f985e000 	C:\Users\kouad\.vscode\extensions\redhat.java-1.55.0-win32-x64\jre\21.0.11-win32-x86_64\bin\java.exe
0x00007ffdaca00000 - 0x00007ffdacc66000 	C:\WINDOWS\SYSTEM32\ntdll.dll
0x00007ffdab890000 - 0x00007ffdab959000 	C:\WINDOWS\System32\KERNEL32.DLL
0x00007ffdaa030000 - 0x00007ffdaa430000 	C:\WINDOWS\System32\KERNELBASE.dll
0x00007ffda9ed0000 - 0x00007ffdaa01c000 	C:\WINDOWS\System32\ucrtbase.dll
0x00007ffd806e0000 - 0x00007ffd806fe000 	C:\Users\kouad\.vscode\extensions\redhat.java-1.55.0-win32-x64\jre\21.0.11-win32-x86_64\bin\VCRUNTIME140.dll
0x00007ffd793c0000 - 0x00007ffd793d8000 	C:\Users\kouad\.vscode\extensions\redhat.java-1.55.0-win32-x64\jre\21.0.11-win32-x86_64\bin\jli.dll
0x00007ffdab960000 - 0x00007ffdabb27000 	C:\WINDOWS\System32\USER32.dll
0x00007ffda9c20000 - 0x00007ffda9c47000 	C:\WINDOWS\System32\win32u.dll
0x00007ffd93e00000 - 0x00007ffd94092000 	C:\WINDOWS\WinSxS\amd64_microsoft.windows.common-controls_6595b64144ccf1df_6.0.26100.8737_none_3e092eaee333b772\COMCTL32.dll
0x00007ffdaaaf0000 - 0x00007ffdaab1b000 	C:\WINDOWS\System32\GDI32.dll
0x00007ffda9c50000 - 0x00007ffda9d79000 	C:\WINDOWS\System32\gdi32full.dll
0x00007ffdaa440000 - 0x00007ffdaa4e3000 	C:\WINDOWS\System32\msvcp_win.dll
0x00007ffdac730000 - 0x00007ffdac7d9000 	C:\WINDOWS\System32\msvcrt.dll
0x00007ffdaae70000 - 0x00007ffdaaea2000 	C:\WINDOWS\System32\IMM32.DLL
0x00007ffd920a0000 - 0x00007ffd920ac000 	C:\Users\kouad\.vscode\extensions\redhat.java-1.55.0-win32-x64\jre\21.0.11-win32-x86_64\bin\vcruntime140_1.dll
0x00007ffcfb650000 - 0x00007ffcfb6dd000 	C:\Users\kouad\.vscode\extensions\redhat.java-1.55.0-win32-x64\jre\21.0.11-win32-x86_64\bin\msvcp140.dll
0x00007ffc73ea0000 - 0x00007ffc74c42000 	C:\Users\kouad\.vscode\extensions\redhat.java-1.55.0-win32-x64\jre\21.0.11-win32-x86_64\bin\server\jvm.dll
0x00007ffdac5f0000 - 0x00007ffdac6a7000 	C:\WINDOWS\System32\ADVAPI32.dll
0x00007ffdac330000 - 0x00007ffdac3da000 	C:\WINDOWS\System32\sechost.dll
0x00007ffdaab20000 - 0x00007ffdaac38000 	C:\WINDOWS\System32\RPCRT4.dll
0x00007ffdac480000 - 0x00007ffdac500000 	C:\WINDOWS\System32\WS2_32.dll
0x00007ffda9a80000 - 0x00007ffda9ade000 	C:\WINDOWS\SYSTEM32\POWRPROF.dll
0x00007ffd8da20000 - 0x00007ffd8da2b000 	C:\WINDOWS\SYSTEM32\VERSION.dll
0x00007ffda72e0000 - 0x00007ffda7316000 	C:\WINDOWS\SYSTEM32\WINMM.dll
0x00007ffda9a60000 - 0x00007ffda9a74000 	C:\WINDOWS\SYSTEM32\UMPDC.dll
0x00007ffda8900000 - 0x00007ffda891b000 	C:\WINDOWS\SYSTEM32\kernel.appcore.dll
0x00007ffd793b0000 - 0x00007ffd793ba000 	C:\Users\kouad\.vscode\extensions\redhat.java-1.55.0-win32-x64\jre\21.0.11-win32-x86_64\bin\jimage.dll
0x00007ffda7090000 - 0x00007ffda72d2000 	C:\WINDOWS\SYSTEM32\DBGHELP.DLL
0x00007ffdaaed0000 - 0x00007ffdab253000 	C:\WINDOWS\System32\combase.dll
0x00007ffdac510000 - 0x00007ffdac5e9000 	C:\WINDOWS\System32\OLEAUT32.dll
0x00007ffda7320000 - 0x00007ffda735b000 	C:\WINDOWS\SYSTEM32\dbgcore.DLL
0x00007ffdaa4f0000 - 0x00007ffdaa59c000 	C:\WINDOWS\System32\bcryptPrimitives.dll
0x00007ffd80ee0000 - 0x00007ffd80eef000 	C:\Users\kouad\.vscode\extensions\redhat.java-1.55.0-win32-x64\jre\21.0.11-win32-x86_64\bin\instrument.dll
0x00007ffcfb600000 - 0x00007ffcfb620000 	C:\Users\kouad\.vscode\extensions\redhat.java-1.55.0-win32-x64\jre\21.0.11-win32-x86_64\bin\java.dll
0x00007ffdabb60000 - 0x00007ffdac2f2000 	C:\WINDOWS\System32\SHELL32.dll
0x00007ffda7690000 - 0x00007ffda7f22000 	C:\WINDOWS\SYSTEM32\windows.storage.dll
0x00007ffdaa830000 - 0x00007ffdaa927000 	C:\WINDOWS\System32\SHCORE.dll
0x00007ffdaa730000 - 0x00007ffdaa797000 	C:\WINDOWS\System32\shlwapi.dll
0x00007ffda9b40000 - 0x00007ffda9b69000 	C:\WINDOWS\SYSTEM32\profapi.dll
0x00007ffd081b0000 - 0x00007ffd081c8000 	C:\Users\kouad\.vscode\extensions\redhat.java-1.55.0-win32-x64\jre\21.0.11-win32-x86_64\bin\zip.dll
0x00007ffd6c530000 - 0x00007ffd6c540000 	C:\Users\kouad\.vscode\extensions\redhat.java-1.55.0-win32-x64\jre\21.0.11-win32-x86_64\bin\net.dll
0x00007ffd9e310000 - 0x00007ffd9e439000 	C:\WINDOWS\SYSTEM32\WINHTTP.dll
0x00007ffda8eb0000 - 0x00007ffda8f1c000 	C:\WINDOWS\system32\mswsock.dll
0x00007ffcfb630000 - 0x00007ffcfb646000 	C:\Users\kouad\.vscode\extensions\redhat.java-1.55.0-win32-x64\jre\21.0.11-win32-x86_64\bin\nio.dll
0x00007ffd63990000 - 0x00007ffd639a0000 	C:\Users\kouad\.vscode\extensions\redhat.java-1.55.0-win32-x64\jre\21.0.11-win32-x86_64\bin\verify.dll
0x00007ffd6e340000 - 0x00007ffd6e367000 	C:\Users\kouad\.gradle\native\c067742578af261105cb4f569cf0c3c89f3d7b1fecec35dd04571415982c5e48\windows-amd64\native-platform.dll
0x00007ffcfa440000 - 0x00007ffcfa584000 	C:\Users\kouad\.gradle\native\38dada09dfb8b06ba9b0570ebf7e218e3eb74d4ef43ca46872605cf95ebc2f47\windows-amd64\native-platform-file-events.dll
0x00007ffd7c300000 - 0x00007ffd7c30a000 	C:\Users\kouad\.vscode\extensions\redhat.java-1.55.0-win32-x64\jre\21.0.11-win32-x86_64\bin\management.dll
0x00007ffd7c2f0000 - 0x00007ffd7c2fc000 	C:\Users\kouad\.vscode\extensions\redhat.java-1.55.0-win32-x64\jre\21.0.11-win32-x86_64\bin\management_ext.dll
0x00007ffdac320000 - 0x00007ffdac328000 	C:\WINDOWS\System32\PSAPI.DLL
0x00007ffda91d0000 - 0x00007ffda91eb000 	C:\WINDOWS\SYSTEM32\CRYPTSP.dll
0x00007ffda8860000 - 0x00007ffda8899000 	C:\WINDOWS\system32\rsaenh.dll
0x00007ffda8f70000 - 0x00007ffda8fa2000 	C:\WINDOWS\SYSTEM32\USERENV.dll
0x00007ffda9b10000 - 0x00007ffda9b3a000 	C:\WINDOWS\SYSTEM32\bcrypt.dll
0x00007ffda91b0000 - 0x00007ffda91bc000 	C:\WINDOWS\SYSTEM32\CRYPTBASE.dll
0x00007ffda8290000 - 0x00007ffda82c3000 	C:\WINDOWS\SYSTEM32\IPHLPAPI.DLL
0x00007ffdaacf0000 - 0x00007ffdaacfa000 	C:\WINDOWS\System32\NSI.dll
0x00007ffd65700000 - 0x00007ffd65709000 	C:\Users\kouad\.vscode\extensions\redhat.java-1.55.0-win32-x64\jre\21.0.11-win32-x86_64\bin\extnet.dll
0x00007ffd65750000 - 0x00007ffd6575e000 	C:\Users\kouad\.vscode\extensions\redhat.java-1.55.0-win32-x64\jre\21.0.11-win32-x86_64\bin\sunmscapi.dll
0x00007ffdaa5b0000 - 0x00007ffdaa728000 	C:\WINDOWS\System32\CRYPT32.dll
0x00007ffda93f0000 - 0x00007ffda9420000 	C:\WINDOWS\SYSTEM32\ncrypt.dll
0x00007ffda93a0000 - 0x00007ffda93df000 	C:\WINDOWS\SYSTEM32\NTASN1.dll
0x00007ffd94e40000 - 0x00007ffd94e48000 	C:\WINDOWS\system32\wshunix.dll

JVMTI agents:
C:\Users\kouad\.gradle\wrapper\dists\gradle-8.7-bin\bhs2wmbdwecv87pi65oeuq5iu\gradle-8.7\lib\agents\gradle-instrumentation-agent-8.7.jar path:C:\Users\kouad\.vscode\extensions\redhat.java-1.55.0-win32-x64\jre\21.0.11-win32-x86_64\bin\instrument.dll, loaded, initialized, instrumentlib options:none

dbghelp: loaded successfully - version: 4.0.5 - missing functions: none
symbol engine: initialized successfully - sym options: 0x614 - pdb path: .;C:\Users\kouad\.vscode\extensions\redhat.java-1.55.0-win32-x64\jre\21.0.11-win32-x86_64\bin;C:\WINDOWS\SYSTEM32;C:\WINDOWS\WinSxS\amd64_microsoft.windows.common-controls_6595b64144ccf1df_6.0.26100.8737_none_3e092eaee333b772;C:\Users\kouad\.vscode\extensions\redhat.java-1.55.0-win32-x64\jre\21.0.11-win32-x86_64\bin\server;C:\Users\kouad\.gradle\native\c067742578af261105cb4f569cf0c3c89f3d7b1fecec35dd04571415982c5e48\windows-amd64;C:\Users\kouad\.gradle\native\38dada09dfb8b06ba9b0570ebf7e218e3eb74d4ef43ca46872605cf95ebc2f47\windows-amd64

VM Arguments:
jvm_args: --add-opens=java.base/java.util=ALL-UNNAMED --add-opens=java.base/java.lang=ALL-UNNAMED --add-opens=java.base/java.lang.invoke=ALL-UNNAMED --add-opens=java.prefs/java.util.prefs=ALL-UNNAMED --add-opens=java.base/java.nio.charset=ALL-UNNAMED --add-opens=java.base/java.net=ALL-UNNAMED --add-opens=java.base/java.util.concurrent.atomic=ALL-UNNAMED -Xmx2048m -Dfile.encoding=UTF-8 -Duser.country=CI -Duser.language=fr -Duser.variant -javaagent:C:\Users\kouad\.gradle\wrapper\dists\gradle-8.7-bin\bhs2wmbdwecv87pi65oeuq5iu\gradle-8.7\lib\agents\gradle-instrumentation-agent-8.7.jar 
java_command: org.gradle.launcher.daemon.bootstrap.GradleDaemon 8.7
java_class_path (initial): C:\Users\kouad\.gradle\wrapper\dists\gradle-8.7-bin\bhs2wmbdwecv87pi65oeuq5iu\gradle-8.7\lib\gradle-launcher-8.7.jar
Launcher Type: SUN_STANDARD

[Global flags]
     intx CICompilerCount                          = 4                                         {product} {ergonomic}
     uint ConcGCThreads                            = 3                                         {product} {ergonomic}
     uint G1ConcRefinementThreads                  = 10                                        {product} {ergonomic}
   size_t G1HeapRegionSize                         = 1048576                                   {product} {ergonomic}
    uintx GCDrainStackTargetSize                   = 64                                        {product} {ergonomic}
   size_t InitialHeapSize                          = 127926272                                 {product} {ergonomic}
   size_t MarkStackSize                            = 4194304                                   {product} {ergonomic}
   size_t MaxHeapSize                              = 2147483648                                {product} {command line}
   size_t MaxNewSize                               = 1287651328                                {product} {ergonomic}
   size_t MinHeapDeltaBytes                        = 1048576                                   {product} {ergonomic}
   size_t MinHeapSize                              = 8388608                                   {product} {ergonomic}
    uintx NonNMethodCodeHeapSize                   = 5839372                                {pd product} {ergonomic}
    uintx NonProfiledCodeHeapSize                  = 122909434                              {pd product} {ergonomic}
    uintx ProfiledCodeHeapSize                     = 122909434                              {pd product} {ergonomic}
    uintx ReservedCodeCacheSize                    = 251658240                              {pd product} {ergonomic}
     bool SegmentedCodeCache                       = true                                      {product} {ergonomic}
   size_t SoftMaxHeapSize                          = 2147483648                             {manageable} {ergonomic}
     bool UseCompressedOops                        = true                           {product lp64_product} {ergonomic}
     bool UseG1GC                                  = true                                      {product} {ergonomic}
     bool UseLargePagesIndividualAllocation        = false                                  {pd product} {ergonomic}

Logging:
Log output configuration:
 #0: stdout all=warning uptime,level,tags foldmultilines=false
 #1: stderr all=off uptime,level,tags foldmultilines=false

Release file:
JAVA_VERSION="21.0.11" 
MODULES="java.base java.compiler java.datatransfer java.xml java.prefs java.desktop java.instrument java.logging java.management java.security.sasl java.naming java.rmi java.management.rmi java.net.http java.scripting java.security.jgss java.transaction.xa java.sql java.sql.rowset java.xml.crypto java.se java.smartcardio jdk.accessibility jdk.internal.jvmstat jdk.attach jdk.charsets jdk.internal.opt jdk.zipfs jdk.compiler jdk.crypto.ec jdk.crypto.cryptoki jdk.crypto.mscapi jdk.dynalink jdk.internal.ed jdk.editpad jdk.hotspot.agent jdk.httpserver jdk.internal.le jdk.internal.vm.ci jdk.internal.vm.compiler jdk.internal.vm.compiler.management jdk.jartool jdk.javadoc jdk.jcmd jdk.management jdk.management.agent jdk.jconsole jdk.jdeps jdk.jdwp.agent jdk.jdi jdk.jfr jdk.jshell jdk.jsobject jdk.jstatd jdk.localedata jdk.management.jfr jdk.naming.dns jdk.naming.rmi jdk.net jdk.nio.mapmode jdk.random jdk.sctp jdk.security.auth jdk.security.jgss jdk.unsupported jdk.unsupported.desktop jdk.xml.dom" 

Environment Variables:
JAVA_HOME=C:\Program Files\Eclipse Adoptium\jdk-17.0.19.10-hotspot
PATH=C:\Program Files\Eclipse Adoptium\jdk-17.0.19.10-hotspot\bin;C:\Program Files\Common Files\Oracle\Java\javapath;C:\Program Files (x86)\VMware\VMware Workstation\bin\;C:\app\kouad\product\21c\dbhomeXE\bin;C:\WINDOWS\system32;C:\WINDOWS;C:\WINDOWS\System32\Wbem;C:\WINDOWS\System32\WindowsPowerShell\v1.0\;C:\WINDOWS\System32\OpenSSH\;C:\xampp\php;C:\xamp\php;C:\ProgramData\chocolatey\bin;C:\Program Files\Microsoft SQL Server\Client SDK\ODBC\170\Tools\Binn\;C:\Program Files\Microsoft SQL Server\150\Tools\Binn\;C:\xamp_installation\php;C:\php-8.4.6;C:\wamp\bin\php\php-8.4.6;C:\Users\kouad\AppData\Roaming\Composer\vendor\bin;C:\Users\kouad\AppData\Roaming\npm;C:\Users\kouad\.dotnet\tools;C:\Users\kouad\AppData\Local\Programs\Microsoft VS Code\bin;C:\Programmes\Symfony;C:\Program Files (x86)\Windows Kits\10\Windows Performance Toolkit\;C:\Program Files\MySQL\MySQL Server 8.0\bin;C:\Strawberry\c\bin;C:\Strawberry\perl\site\bin;C:\Strawberry\perl\bin;C:\wamp\bin\php\php5.5.12;C:\Program Files\dotnet\;C:\Program Files\nodejs\;C:\Program Files\Git\cmd;C:\Program Files\PowerShell\7\
USERNAME=kouad
OS=Windows_NT
PROCESSOR_IDENTIFIER=Intel64 Family 6 Model 154 Stepping 4, GenuineIntel
TMP=C:\Users\kouad\AppData\Local\Temp
TEMP=C:\Users\kouad\AppData\Local\Temp




Periodic native trim disabled

---------------  S Y S T E M  ---------------

OS:
 Windows 11 , 64 bit Build 26100 (10.0.26100.8737)
OS uptime: 2 days 4:19 hours
Hyper-V role detected

CPU: total 12 (initial active 12) (6 cores per cpu, 2 threads per core) family 6 model 154 stepping 4 microcode 0x437, cx8, cmov, fxsr, ht, mmx, 3dnowpref, sse, sse2, sse3, ssse3, sse4.1, sse4.2, popcnt, lzcnt, tsc, tscinvbit, avx, avx2, aes, erms, clmul, bmi1, bmi2, adx, sha, fma, vzeroupper, clflush, clflushopt, clwb, hv, serialize, rdtscp, rdpid, fsrm, f16c, cet_ibt, cet_ss
Processor Information for the first 12 processors :
  Max Mhz: 1300, Current Mhz: 1300, Mhz Limit: 1300

Memory: 4k page, system-wide physical 7750M (16M free)
TotalPageFile size 31302M (AvailPageFile size 210M)
current process WorkingSet (physical memory assigned to process): 188M, peak: 337M
current process commit charge ("private bytes"): 510M, peak: 918M

vm_info: OpenJDK 64-Bit Server VM (21.0.11+10-LTS) for windows-amd64 JRE (21.0.11+10-LTS), built on 2026-04-21T00:00:00Z by "admin" with MS VC++ 17.12 (VS2022)

END.
